#
# There is insufficient memory for the Java Runtime Environment to continue.
# Native memory allocation (mmap) failed to map 677380096 bytes for G1 virtual space
# Possible reasons:
#   The system is out of physical RAM or swap space
#   The process is running with CompressedOops enabled, and the Java Heap may be blocking the growth of the native heap
# Possible solutions:
#   Reduce memory load on the system
#   Increase physical memory or swap space
#   Check if swap backing store is full
#   Decrease Java heap size (-Xmx/-Xms)
#   Decrease number of Java threads
#   Decrease Java thread stack sizes (-Xss)
#   Set larger code cache with -XX:ReservedCodeCacheSize=
#   JVM is running with Zero Based Compressed Oops mode in which the Java heap is
#     placed in the first 32GB address space. The Java Heap base address is the
#     maximum limit for the native heap growth. Please use -XX:HeapBaseMinAddress
#     to set the Java Heap base and to place the Java Heap above 32GB virtual address.
# This output file may be truncated or incomplete.
#
#  Out of Memory Error (os_windows.cpp:3548), pid=3244, tid=17824
#
# JRE version: OpenJDK Runtime Environment Temurin-17.0.5+8 (17.0.5+8) (build 17.0.5+8)
# Java VM: OpenJDK 64-Bit Server VM Temurin-17.0.5+8 (17.0.5+8, mixed mode, emulated-client, tiered, compressed oops, compressed class ptrs, g1 gc, windows-amd64)
# No core dump will be written. Minidumps are not enabled by default on client versions of Windows
#

---------------  S U M M A R Y ------------

Command Line: -Dsts.lsp.client=vscode -Dsts.log.file=/dev/null -XX:TieredStopAtLevel=1 -Xlog:jni+resolve=off -Dspring.config.location=file:c:\Users\gabri\.vscode\extensions\pivotal.vscode-spring-boot-1.43.0\language-server\BOOT-INF\classes\application.properties org.springframework.ide.vscode.boot.app.BootLanguageServerBootApp

Host: AMD Ryzen 5 5600G with Radeon Graphics         , 12 cores, 15G,  Windows 10 , 64 bit Build 19041 (10.0.19041.2364)
Time: Wed Jan 25 21:04:59 2023 Hora oficial do Brasil elapsed time: 4.288502 seconds (0d 0h 0m 4s)

---------------  T H R E A D  ---------------

Current thread (0x00000174cd9cecf0):  VMThread "VM Thread" [stack: 0x0000005c3e100000,0x0000005c3e200000] [id=17824]

Stack: [0x0000005c3e100000,0x0000005c3e200000]
Native frames: (J=compiled Java code, j=interpreted, Vv=VM code, C=native code)
V  [jvm.dll+0x676b3a]
V  [jvm.dll+0x831444]
V  [jvm.dll+0x832bee]
V  [jvm.dll+0x833253]
V  [jvm.dll+0x244ce5]
V  [jvm.dll+0x673a49]
V  [jvm.dll+0x66811a]
V  [jvm.dll+0x303ceb]
V  [jvm.dll+0x30b1e6]
V  [jvm.dll+0x35adbe]
V  [jvm.dll+0x35afef]
V  [jvm.dll+0x2dab88]
V  [jvm.dll+0x2d8e3c]
V  [jvm.dll+0x2d840c]
V  [jvm.dll+0x31c31b]
V  [jvm.dll+0x8376fb]
V  [jvm.dll+0x838434]
V  [jvm.dll+0x83894c]
V  [jvm.dll+0x838d24]
V  [jvm.dll+0x838df0]
V  [jvm.dll+0x7e17ea]
V  [jvm.dll+0x6759e5]
C  [ucrtbase.dll+0x21bb2]
C  [KERNEL32.DLL+0x17614]
C  [ntdll.dll+0x526a1]

VM_Operation (0x0000005c409fe7c0): G1CollectForAllocation, mode: safepoint, requested by thread 0x00000174cfd859c0


---------------  P R O C E S S  ---------------

Threads class SMR info:
_java_thread_list=0x00000174cfb26cc0, length=58, elements={
0x00000174ce449750, 0x00000174ce44a150, 0x00000174ce472a40, 0x00000174ce473300,
0x00000174ce473bc0, 0x00000174ce477980, 0x00000174ce4782f0, 0x00000174ce481410,
0x00000174ce68b660, 0x00000174ce68fda0, 0x00000174ce697110, 0x00000174ce6a14a0,
0x00000174cf456c30, 0x00000174cfa28730, 0x00000174cfc63840, 0x00000174cfcc1e60,
0x00000174bbab4180, 0x00000174cfcfea10, 0x00000174cfd223d0, 0x00000174cfd67340,
0x00000174cfd66c60, 0x00000174cfd78530, 0x00000174cfd83c90, 0x00000174cfd854f0,
0x00000174cfd85020, 0x00000174cfd841b0, 0x00000174cfd84680, 0x00000174cfd84b50,
0x00000174cfd859c0, 0x00000174cfce4b30, 0x00000174cfce6810, 0x00000174cfceab70,
0x00000174cfce3cc0, 0x00000174cfce9360, 0x00000174cfcea1d0, 0x00000174cfce9d00,
0x00000174cfcea6a0, 0x00000174cfce8020, 0x00000174cfce89c0, 0x00000174cfce5000,
0x00000174cfce71b0, 0x00000174cfce7680, 0x00000174cfce7b50, 0x00000174cfce84f0,
0x00000174cfce5e70, 0x00000174cfce6ce0, 0x00000174cfceb040, 0x00000174cfce8e90,
0x00000174cfceb510, 0x00000174cfce4190, 0x00000174cfce4660, 0x00000174cfce9830,
0x00000174cfce54d0, 0x00000174cfce59a0, 0x00000174d2b48710, 0x00000174d2b44d50,
0x00000174d2b47d70, 0x00000174d2b45bc0
}

Java Threads: ( => current thread )
  0x00000174ce449750 JavaThread "Reference Handler" daemon [_thread_blocked, id=6292, stack(0x0000005c3e200000,0x0000005c3e300000)]
  0x00000174ce44a150 JavaThread "Finalizer" daemon [_thread_blocked, id=8200, stack(0x0000005c3e300000,0x0000005c3e400000)]
  0x00000174ce472a40 JavaThread "Signal Dispatcher" daemon [_thread_blocked, id=1728, stack(0x0000005c3e400000,0x0000005c3e500000)]
  0x00000174ce473300 JavaThread "Attach Listener" daemon [_thread_blocked, id=12028, stack(0x0000005c3e500000,0x0000005c3e600000)]
  0x00000174ce473bc0 JavaThread "Service Thread" daemon [_thread_blocked, id=17940, stack(0x0000005c3e600000,0x0000005c3e700000)]
  0x00000174ce477980 JavaThread "Monitor Deflation Thread" daemon [_thread_blocked, id=18016, stack(0x0000005c3e700000,0x0000005c3e800000)]
  0x00000174ce4782f0 JavaThread "C1 CompilerThread0" daemon [_thread_blocked, id=14668, stack(0x0000005c3e800000,0x0000005c3e900000)]
  0x00000174ce481410 JavaThread "Sweeper thread" daemon [_thread_blocked, id=18356, stack(0x0000005c3e900000,0x0000005c3ea00000)]
  0x00000174ce68b660 JavaThread "C1 CompilerThread1" daemon [_thread_blocked, id=9820, stack(0x0000005c3ea00000,0x0000005c3eb00000)]
  0x00000174ce68fda0 JavaThread "C1 CompilerThread2" daemon [_thread_blocked, id=7716, stack(0x0000005c3eb00000,0x0000005c3ec00000)]
  0x00000174ce697110 JavaThread "Notification Thread" daemon [_thread_blocked, id=11620, stack(0x0000005c3ec00000,0x0000005c3ed00000)]
  0x00000174ce6a14a0 JavaThread "Common-Cleaner" daemon [_thread_blocked, id=11212, stack(0x0000005c3ee00000,0x0000005c3ef00000)]
  0x00000174cf456c30 JavaThread "C1 CompilerThread3" daemon [_thread_blocked, id=12820, stack(0x0000005c3f300000,0x0000005c3f400000)]
  0x00000174cfa28730 JavaThread "boundedElastic-evictor-1" daemon [_thread_blocked, id=18524, stack(0x0000005c3f800000,0x0000005c3f900000)]
  0x00000174cfc63840 JavaThread "pool-11-thread-1" [_thread_blocked, id=18532, stack(0x0000005c3fc00000,0x0000005c3fd00000)]
  0x00000174cfcc1e60 JavaThread "LanguageServerApp-lifecycle" [_thread_blocked, id=18540, stack(0x0000005c3fd00000,0x0000005c3fe00000)]
  0x00000174bbab4180 JavaThread "DestroyJavaVM" [_thread_blocked, id=15768, stack(0x0000005c3db00000,0x0000005c3dc00000)]
  0x00000174cfcfea10 JavaThread "pool-12-thread-1" [_thread_in_native, id=18544, stack(0x0000005c3fe00000,0x0000005c3ff00000)]
  0x00000174cfd223d0 JavaThread "Simple-Language-Server main thread" daemon [_thread_blocked, id=18568, stack(0x0000005c3ff00000,0x0000005c40000000)]
  0x00000174cfd67340 JavaThread "pool-2-thread-1" [_thread_blocked, id=18580, stack(0x0000005c40000000,0x0000005c40100000)]
  0x00000174cfd66c60 JavaThread "parallel-1" daemon [_thread_blocked, id=18652, stack(0x0000005c40100000,0x0000005c40200000)]
  0x00000174cfd78530 JavaThread "pool-8-thread-1" [_thread_blocked, id=18696, stack(0x0000005c40200000,0x0000005c40300000)]
  0x00000174cfd83c90 JavaThread "parallel-2" daemon [_thread_blocked, id=18700, stack(0x0000005c40300000,0x0000005c40400000)]
  0x00000174cfd854f0 JavaThread "ForkJoinPool.commonPool-worker-1" daemon [_thread_blocked, id=18704, stack(0x0000005c40400000,0x0000005c40500000)]
  0x00000174cfd85020 JavaThread "pool-5-thread-1" [_thread_blocked, id=18744, stack(0x0000005c40500000,0x0000005c40600000)]
  0x00000174cfd841b0 JavaThread "ForkJoinPool.commonPool-worker-2" daemon [_thread_blocked, id=18756, stack(0x0000005c40600000,0x0000005c40700000)]
  0x00000174cfd84680 JavaThread "pool-5-thread-2" [_thread_blocked, id=18764, stack(0x0000005c40700000,0x0000005c40800000)]
  0x00000174cfd84b50 JavaThread "ClassGraph-worker-0" daemon [_thread_blocked, id=18888, stack(0x0000005c40800000,0x0000005c40900000)]
  0x00000174cfd859c0 JavaThread "ClassGraph-worker-1" daemon [_thread_blocked, id=18892, stack(0x0000005c40900000,0x0000005c40a00000)]
  0x00000174cfce4b30 JavaThread "ClassGraph-worker-2" daemon [_thread_blocked, id=18896, stack(0x0000005c40a00000,0x0000005c40b00000)]
  0x00000174cfce6810 JavaThread "ClassGraph-worker-3" daemon [_thread_blocked, id=18900, stack(0x0000005c40b00000,0x0000005c40c00000)]
  0x00000174cfceab70 JavaThread "ClassGraph-worker-4" daemon [_thread_blocked, id=18904, stack(0x0000005c40c00000,0x0000005c40d00000)]
  0x00000174cfce3cc0 JavaThread "ClassGraph-worker-5" daemon [_thread_blocked, id=18912, stack(0x0000005c40d00000,0x0000005c40e00000)]
  0x00000174cfce9360 JavaThread "ClassGraph-worker-6" daemon [_thread_blocked, id=18916, stack(0x0000005c40e00000,0x0000005c40f00000)]
  0x00000174cfcea1d0 JavaThread "ClassGraph-worker-7" daemon [_thread_blocked, id=18920, stack(0x0000005c40f00000,0x0000005c41000000)]
  0x00000174cfce9d00 JavaThread "ClassGraph-worker-8" daemon [_thread_blocked, id=18924, stack(0x0000005c41000000,0x0000005c41100000)]
  0x00000174cfcea6a0 JavaThread "ClassGraph-worker-9" daemon [_thread_blocked, id=18928, stack(0x0000005c41100000,0x0000005c41200000)]
  0x00000174cfce8020 JavaThread "ClassGraph-worker-10" daemon [_thread_blocked, id=18932, stack(0x0000005c41200000,0x0000005c41300000)]
  0x00000174cfce89c0 JavaThread "ClassGraph-worker-11" daemon [_thread_blocked, id=18936, stack(0x0000005c41300000,0x0000005c41400000)]
  0x00000174cfce5000 JavaThread "ClassGraph-worker-12" daemon [_thread_blocked, id=18940, stack(0x0000005c41400000,0x0000005c41500000)]
  0x00000174cfce71b0 JavaThread "ClassGraph-worker-13" daemon [_thread_blocked, id=18944, stack(0x0000005c41500000,0x0000005c41600000)]
  0x00000174cfce7680 JavaThread "ClassGraph-worker-14" daemon [_thread_blocked, id=18948, stack(0x0000005c41600000,0x0000005c41700000)]
  0x00000174cfce7b50 JavaThread "ClassGraph-worker-15" daemon [_thread_blocked, id=18952, stack(0x0000005c41700000,0x0000005c41800000)]
  0x00000174cfce84f0 JavaThread "ClassGraph-worker-16" daemon [_thread_blocked, id=18956, stack(0x0000005c41800000,0x0000005c41900000)]
  0x00000174cfce5e70 JavaThread "ClassGraph-worker-17" daemon [_thread_blocked, id=18960, stack(0x0000005c41900000,0x0000005c41a00000)]
  0x00000174cfce6ce0 JavaThread "ClassGraph-worker-18" daemon [_thread_blocked, id=18964, stack(0x0000005c41a00000,0x0000005c41b00000)]
  0x00000174cfceb040 JavaThread "pool-2-thread-2" [_thread_blocked, id=19044, stack(0x0000005c41b00000,0x0000005c41c00000)]
  0x00000174cfce8e90 JavaThread "pool-5-thread-3" [_thread_blocked, id=19048, stack(0x0000005c41c00000,0x0000005c41d00000)]
  0x00000174cfceb510 JavaThread "Reconciler-1" daemon [_thread_blocked, id=19092, stack(0x0000005c41d00000,0x0000005c41e00000)]
  0x00000174cfce4190 JavaThread "pool-6-thread-1" [_thread_blocked, id=19308, stack(0x0000005c42000000,0x0000005c42100000)]
  0x00000174cfce4660 JavaThread "pool-10-thread-1" [_thread_blocked, id=19312, stack(0x0000005c42100000,0x0000005c42200000)]
  0x00000174cfce9830 JavaThread "parallel-3" daemon [_thread_blocked, id=19316, stack(0x0000005c42200000,0x0000005c42300000)]
  0x00000174cfce54d0 JavaThread "parallel-4" daemon [_thread_blocked, id=19320, stack(0x0000005c42300000,0x0000005c42400000)]
  0x00000174cfce59a0 JavaThread "ForkJoinPool.commonPool-worker-3" daemon [_thread_blocked, id=19324, stack(0x0000005c42400000,0x0000005c42500000)]
  0x00000174d2b48710 JavaThread "pool-5-thread-4" [_thread_blocked, id=19332, stack(0x0000005c42500000,0x0000005c42600000)]
  0x00000174d2b44d50 JavaThread "pool-5-thread-5" [_thread_blocked, id=19348, stack(0x0000005c42600000,0x0000005c42700000)]
  0x00000174d2b47d70 JavaThread "pool-10-thread-2" [_thread_blocked, id=19352, stack(0x0000005c42700000,0x0000005c42800000)]
  0x00000174d2b45bc0 JavaThread "parallel-5" daemon [_thread_blocked, id=19356, stack(0x0000005c42800000,0x0000005c42900000)]

Other Threads:
=>0x00000174cd9cecf0 VMThread "VM Thread" [stack: 0x0000005c3e100000,0x0000005c3e200000] [id=17824]
  0x00000174bbb42e40 WatcherThread [stack: 0x0000005c3ed00000,0x0000005c3ee00000] [id=13316]
  0x00000174bbb21f30 GCTaskThread "GC Thread#0" [stack: 0x0000005c3dc00000,0x0000005c3dd00000] [id=4304]
  0x00000174cf161160 GCTaskThread "GC Thread#1" [stack: 0x0000005c3ef00000,0x0000005c3f000000] [id=17668]
  0x00000174cf161410 GCTaskThread "GC Thread#2" [stack: 0x0000005c3f000000,0x0000005c3f100000] [id=9244]
  0x00000174ceff9b30 GCTaskThread "GC Thread#3" [stack: 0x0000005c3f100000,0x0000005c3f200000] [id=17832]
  0x00000174ceff9de0 GCTaskThread "GC Thread#4" [stack: 0x0000005c3f200000,0x0000005c3f300000] [id=17908]
  0x00000174cf4931c0 GCTaskThread "GC Thread#5" [stack: 0x0000005c3f400000,0x0000005c3f500000] [id=18268]
  0x00000174cf494890 GCTaskThread "GC Thread#6" [stack: 0x0000005c3f500000,0x0000005c3f600000] [id=7784]
  0x00000174cf494d50 GCTaskThread "GC Thread#7" [stack: 0x0000005c3f600000,0x0000005c3f700000] [id=12936]
  0x00000174cf495000 GCTaskThread "GC Thread#8" [stack: 0x0000005c3f700000,0x0000005c3f800000] [id=14332]
  0x00000174cf6b4ad0 GCTaskThread "GC Thread#9" [stack: 0x0000005c3f900000,0x0000005c3fa00000] [id=15084]
  0x00000174bbb322b0 ConcurrentGCThread "G1 Main Marker" [stack: 0x0000005c3dd00000,0x0000005c3de00000] [id=11668]
  0x00000174bbb33210 ConcurrentGCThread "G1 Conc#0" [stack: 0x0000005c3de00000,0x0000005c3df00000] [id=7132]
  0x00000174cf6f8870 ConcurrentGCThread "G1 Conc#1" [stack: 0x0000005c3fa00000,0x0000005c3fb00000] [id=7652]
  0x00000174cf602470 ConcurrentGCThread "G1 Conc#2" [stack: 0x0000005c3fb00000,0x0000005c3fc00000] [id=9332]
  0x00000174bbb7d640 ConcurrentGCThread "G1 Refine#0" [stack: 0x0000005c3df00000,0x0000005c3e000000] [id=17716]
  0x00000174d2693610 ConcurrentGCThread "G1 Refine#1" [stack: 0x0000005c41e00000,0x0000005c41f00000] [id=19208]
  0x00000174d26938f0 ConcurrentGCThread "G1 Refine#2" [stack: 0x0000005c41f00000,0x0000005c42000000] [id=19212]
  0x00000174bbb7dd10 ConcurrentGCThread "G1 Service" [stack: 0x0000005c3e000000,0x0000005c3e100000] [id=2980]

Threads with active compile tasks:

VM state: at safepoint (normal execution)

VM Mutex/Monitor currently owned by a thread:  ([mutex/lock_event])
[0x00000174b9879820] Threads_lock - owner thread: 0x00000174cd9cecf0
[0x00000174bbab19b0] Heap_lock - owner thread: 0x00000174cfd859c0

Heap address: 0x0000000709600000, size: 3946 MB, Compressed Oops mode: Zero based, Oop shift amount: 3

CDS archive(s) not mapped
Compressed class space mapped at: 0x0000000800000000-0x0000000840000000, reserved size: 1073741824
Narrow klass base: 0x0000000800000000, Narrow klass shift: 0, Narrow klass range: 0x40000000

GC Precious Log:
 CPUs: 12 total, 12 available
 Memory: 15779M
 Large Page Support: Disabled
 NUMA Support: Disabled
 Compressed Oops: Enabled (Zero based)
 Heap Region Size: 2M
 Heap Min Capacity: 8M
 Heap Initial Capacity: 248M
 Heap Max Capacity: 3946M
 Pre-touch: Disabled
 Parallel Workers: 10
 Concurrent Workers: 3
 Concurrent Refinement Workers: 10
 Periodic GC: Disabled

Heap:
 garbage-first heap   total 587776K, used 158798K [0x0000000709600000, 0x0000000800000000)
  region size 2048K, 22 young (45056K), 22 survivors (45056K)
 Metaspace       used 46299K, committed 46720K, reserved 1089536K
  class space    used 5822K, committed 6016K, reserved 1048576K

Heap Regions: E=young(eden), S=young(survivor), O=old, HS=humongous(starts), HC=humongous(continues), CS=collection set, F=free, OA=open archive, CA=closed archive, TAMS=top-at-mark-start (previous, next)
|   0|0x0000000709600000, 0x0000000709800000, 0x0000000709800000|100%| O|  |TAMS 0x0000000709800000, 0x0000000709600000| Untracked 
|   1|0x0000000709800000, 0x0000000709a00000, 0x0000000709a00000|100%| O|  |TAMS 0x0000000709a00000, 0x0000000709800000| Untracked 
|   2|0x0000000709a00000, 0x0000000709c00000, 0x0000000709c00000|100%| O|  |TAMS 0x0000000709c00000, 0x0000000709a00000| Untracked 
|   3|0x0000000709c00000, 0x0000000709e00000, 0x0000000709e00000|100%| O|  |TAMS 0x0000000709e00000, 0x0000000709c00000| Untracked 
|   4|0x0000000709e00000, 0x000000070a000000, 0x000000070a000000|100%| O|  |TAMS 0x000000070a000000, 0x0000000709e00000| Untracked 
|   5|0x000000070a000000, 0x000000070a200000, 0x000000070a200000|100%| O|  |TAMS 0x000000070a200000, 0x000000070a000000| Untracked 
|   6|0x000000070a200000, 0x000000070a400000, 0x000000070a400000|100%| O|  |TAMS 0x000000070a400000, 0x000000070a200000| Untracked 
|   7|0x000000070a400000, 0x000000070a600000, 0x000000070a600000|100%| O|  |TAMS 0x000000070a600000, 0x000000070a400000| Untracked 
|   8|0x000000070a600000, 0x000000070a800000, 0x000000070a800000|100%| O|  |TAMS 0x000000070a800000, 0x000000070a600000| Untracked 
|   9|0x000000070a800000, 0x000000070aa00000, 0x000000070aa00000|100%| O|  |TAMS 0x000000070aa00000, 0x000000070a800000| Untracked 
|  10|0x000000070aa00000, 0x000000070aadae00, 0x000000070ac00000| 42%| O|  |TAMS 0x000000070aadae00, 0x000000070aa00000| Untracked 
|  11|0x000000070ac00000, 0x000000070ae00000, 0x000000070ae00000|100%| O|  |TAMS 0x000000070ae00000, 0x000000070ac00000| Untracked 
|  12|0x000000070ae00000, 0x000000070b000000, 0x000000070b000000|100%| O|  |TAMS 0x000000070b000000, 0x000000070ae00000| Untracked 
|  13|0x000000070b000000, 0x000000070b200000, 0x000000070b200000|100%| O|  |TAMS 0x000000070b200000, 0x000000070b000000| Untracked 
|  14|0x000000070b200000, 0x000000070b400000, 0x000000070b400000|100%| O|  |TAMS 0x000000070b400000, 0x000000070b200000| Untracked 
|  15|0x000000070b400000, 0x000000070b600000, 0x000000070b600000|100%| O|  |TAMS 0x000000070b600000, 0x000000070b400000| Untracked 
|  16|0x000000070b600000, 0x000000070b800000, 0x000000070b800000|100%| O|  |TAMS 0x000000070b800000, 0x000000070b600000| Untracked 
|  17|0x000000070b800000, 0x000000070ba00000, 0x000000070ba00000|100%| O|  |TAMS 0x000000070ba00000, 0x000000070b800000| Untracked 
|  18|0x000000070ba00000, 0x000000070bc00000, 0x000000070bc00000|100%| O|  |TAMS 0x000000070bc00000, 0x000000070ba00000| Untracked 
|  19|0x000000070bc00000, 0x000000070be00000, 0x000000070be00000|100%| O|  |TAMS 0x000000070be00000, 0x000000070bc00000| Untracked 
|  20|0x000000070be00000, 0x000000070c000000, 0x000000070c000000|100%| O|  |TAMS 0x000000070c000000, 0x000000070be00000| Untracked 
|  21|0x000000070c000000, 0x000000070c200000, 0x000000070c200000|100%| O|  |TAMS 0x000000070c200000, 0x000000070c000000| Untracked 
|  22|0x000000070c200000, 0x000000070c400000, 0x000000070c400000|100%| O|  |TAMS 0x000000070c400000, 0x000000070c200000| Untracked 
|  23|0x000000070c400000, 0x000000070c600000, 0x000000070c600000|100%| O|  |TAMS 0x000000070c600000, 0x000000070c400000| Untracked 
|  24|0x000000070c600000, 0x000000070c800000, 0x000000070c800000|100%| O|  |TAMS 0x000000070c800000, 0x000000070c600000| Untracked 
|  25|0x000000070c800000, 0x000000070ca00000, 0x000000070ca00000|100%| O|  |TAMS 0x000000070ca00000, 0x000000070c800000| Untracked 
|  26|0x000000070ca00000, 0x000000070cc00000, 0x000000070cc00000|100%| O|  |TAMS 0x000000070cc00000, 0x000000070ca00000| Untracked 
|  27|0x000000070cc00000, 0x000000070ce00000, 0x000000070ce00000|100%| O|  |TAMS 0x000000070cd7fa00, 0x000000070cc00000| Untracked 
|  28|0x000000070ce00000, 0x000000070d000000, 0x000000070d000000|100%| O|  |TAMS 0x000000070ce00000, 0x000000070ce00000| Untracked 
|  29|0x000000070d000000, 0x000000070d200000, 0x000000070d200000|100%| O|  |TAMS 0x000000070d000000, 0x000000070d000000| Untracked 
|  30|0x000000070d200000, 0x000000070d400000, 0x000000070d400000|100%| O|  |TAMS 0x000000070d200000, 0x000000070d200000| Untracked 
|  31|0x000000070d400000, 0x000000070d600000, 0x000000070d600000|100%| O|  |TAMS 0x000000070d400000, 0x000000070d400000| Untracked 
|  32|0x000000070d600000, 0x000000070d800000, 0x000000070d800000|100%| O|  |TAMS 0x000000070d600000, 0x000000070d600000| Untracked 
|  33|0x000000070d800000, 0x000000070da00000, 0x000000070da00000|100%| O|  |TAMS 0x000000070d800000, 0x000000070d800000| Untracked 
|  34|0x000000070da00000, 0x000000070dc00000, 0x000000070dc00000|100%| O|  |TAMS 0x000000070da00000, 0x000000070da00000| Untracked 
|  35|0x000000070dc00000, 0x000000070de00000, 0x000000070de00000|100%| O|  |TAMS 0x000000070dc00000, 0x000000070dc00000| Untracked 
|  36|0x000000070de00000, 0x000000070e000000, 0x000000070e000000|100%| O|  |TAMS 0x000000070de00000, 0x000000070de00000| Untracked 
|  37|0x000000070e000000, 0x000000070e200000, 0x000000070e200000|100%| O|  |TAMS 0x000000070e000000, 0x000000070e000000| Untracked 
|  38|0x000000070e200000, 0x000000070e400000, 0x000000070e400000|100%| O|  |TAMS 0x000000070e200000, 0x000000070e200000| Untracked 
|  39|0x000000070e400000, 0x000000070e600000, 0x000000070e600000|100%| O|  |TAMS 0x000000070e400000, 0x000000070e400000| Untracked 
|  40|0x000000070e600000, 0x000000070e800000, 0x000000070e800000|100%| O|  |TAMS 0x000000070e600000, 0x000000070e600000| Untracked 
|  41|0x000000070e800000, 0x000000070ea00000, 0x000000070ea00000|100%| O|  |TAMS 0x000000070e800000, 0x000000070e800000| Untracked 
|  42|0x000000070ea00000, 0x000000070ec00000, 0x000000070ec00000|100%| O|  |TAMS 0x000000070ea00000, 0x000000070ea00000| Untracked 
|  43|0x000000070ec00000, 0x000000070ee00000, 0x000000070ee00000|100%| O|  |TAMS 0x000000070ec00000, 0x000000070ec00000| Untracked 
|  44|0x000000070ee00000, 0x000000070f000000, 0x000000070f000000|100%| O|  |TAMS 0x000000070ee00000, 0x000000070ee00000| Untracked 
|  45|0x000000070f000000, 0x000000070f200000, 0x000000070f200000|100%| O|  |TAMS 0x000000070f000000, 0x000000070f000000| Untracked 
|  46|0x000000070f200000, 0x000000070f400000, 0x000000070f400000|100%| O|  |TAMS 0x000000070f200000, 0x000000070f200000| Untracked 
|  47|0x000000070f400000, 0x000000070f600000, 0x000000070f600000|100%| O|  |TAMS 0x000000070f400000, 0x000000070f400000| Untracked 
|  48|0x000000070f600000, 0x000000070f800000, 0x000000070f800000|100%| O|  |TAMS 0x000000070f600000, 0x000000070f600000| Untracked 
|  49|0x000000070f800000, 0x000000070fa00000, 0x000000070fa00000|100%| O|  |TAMS 0x000000070f800000, 0x000000070f800000| Untracked 
|  50|0x000000070fa00000, 0x000000070fc00000, 0x000000070fc00000|100%| O|  |TAMS 0x000000070fa00000, 0x000000070fa00000| Untracked 
|  51|0x000000070fc00000, 0x000000070fe00000, 0x000000070fe00000|100%| O|  |TAMS 0x000000070fc00000, 0x000000070fc00000| Untracked 
|  52|0x000000070fe00000, 0x0000000710000000, 0x0000000710000000|100%| O|  |TAMS 0x000000070fe00000, 0x000000070fe00000| Untracked 
|  53|0x0000000710000000, 0x0000000710200000, 0x0000000710200000|100%| O|  |TAMS 0x0000000710000000, 0x0000000710000000| Untracked 
|  54|0x0000000710200000, 0x0000000710400000, 0x0000000710400000|100%| O|  |TAMS 0x0000000710200000, 0x0000000710200000| Untracked 
|  55|0x0000000710400000, 0x0000000710600000, 0x0000000710600000|100%| O|  |TAMS 0x0000000710400000, 0x0000000710400000| Untracked 
|  56|0x0000000710600000, 0x000000071063d200, 0x0000000710800000| 11%| O|  |TAMS 0x0000000710600000, 0x0000000710600000| Untracked 
|  57|0x0000000710800000, 0x0000000710800000, 0x0000000710a00000|  0%| F|  |TAMS 0x0000000710800000, 0x0000000710800000| Untracked 
|  58|0x0000000710a00000, 0x0000000710a00000, 0x0000000710c00000|  0%| F|  |TAMS 0x0000000710a00000, 0x0000000710a00000| Untracked 
|  59|0x0000000710c00000, 0x0000000710c00000, 0x0000000710e00000|  0%| F|  |TAMS 0x0000000710c00000, 0x0000000710c00000| Untracked 
|  60|0x0000000710e00000, 0x0000000710e00000, 0x0000000711000000|  0%| F|  |TAMS 0x0000000710e00000, 0x0000000710e00000| Untracked 
|  61|0x0000000711000000, 0x0000000711000000, 0x0000000711200000|  0%| F|  |TAMS 0x0000000711000000, 0x0000000711000000| Untracked 
|  62|0x0000000711200000, 0x0000000711200000, 0x0000000711400000|  0%| F|  |TAMS 0x0000000711200000, 0x0000000711200000| Untracked 
|  63|0x0000000711400000, 0x0000000711400000, 0x0000000711600000|  0%| F|  |TAMS 0x0000000711400000, 0x0000000711400000| Untracked 
|  64|0x0000000711600000, 0x0000000711600000, 0x0000000711800000|  0%| F|  |TAMS 0x0000000711600000, 0x0000000711600000| Untracked 
|  65|0x0000000711800000, 0x0000000711800000, 0x0000000711a00000|  0%| F|  |TAMS 0x0000000711800000, 0x0000000711800000| Untracked 
|  66|0x0000000711a00000, 0x0000000711a00000, 0x0000000711c00000|  0%| F|  |TAMS 0x0000000711a00000, 0x0000000711a00000| Untracked 
|  67|0x0000000711c00000, 0x0000000711c00000, 0x0000000711e00000|  0%| F|  |TAMS 0x0000000711c00000, 0x0000000711c00000| Untracked 
|  68|0x0000000711e00000, 0x0000000711e00000, 0x0000000712000000|  0%| F|  |TAMS 0x0000000711e00000, 0x0000000711e00000| Untracked 
|  69|0x0000000712000000, 0x0000000712000000, 0x0000000712200000|  0%| F|  |TAMS 0x0000000712000000, 0x0000000712000000| Untracked 
|  70|0x0000000712200000, 0x0000000712200000, 0x0000000712400000|  0%| F|  |TAMS 0x0000000712200000, 0x0000000712200000| Untracked 
|  71|0x0000000712400000, 0x0000000712400000, 0x0000000712600000|  0%| F|  |TAMS 0x0000000712400000, 0x0000000712400000| Untracked 
|  72|0x0000000712600000, 0x0000000712600000, 0x0000000712800000|  0%| F|  |TAMS 0x0000000712600000, 0x0000000712600000| Untracked 
|  73|0x0000000712800000, 0x0000000712800000, 0x0000000712a00000|  0%| F|  |TAMS 0x0000000712800000, 0x0000000712800000| Untracked 
|  74|0x0000000712a00000, 0x0000000712a00000, 0x0000000712c00000|  0%| F|  |TAMS 0x0000000712a00000, 0x0000000712a00000| Untracked 
|  75|0x0000000712c00000, 0x0000000712c00000, 0x0000000712e00000|  0%| F|  |TAMS 0x0000000712c00000, 0x0000000712c00000| Untracked 
|  76|0x0000000712e00000, 0x0000000712e00000, 0x0000000713000000|  0%| F|  |TAMS 0x0000000712e00000, 0x0000000712e00000| Untracked 
|  77|0x0000000713000000, 0x0000000713000000, 0x0000000713200000|  0%| F|  |TAMS 0x0000000713000000, 0x0000000713000000| Untracked 
|  78|0x0000000713200000, 0x0000000713200000, 0x0000000713400000|  0%| F|  |TAMS 0x0000000713200000, 0x0000000713200000| Untracked 
|  79|0x0000000713400000, 0x0000000713400000, 0x0000000713600000|  0%| F|  |TAMS 0x0000000713400000, 0x0000000713400000| Untracked 
|  80|0x0000000713600000, 0x0000000713600000, 0x0000000713800000|  0%| F|  |TAMS 0x0000000713600000, 0x0000000713600000| Untracked 
|  81|0x0000000713800000, 0x0000000713800000, 0x0000000713a00000|  0%| F|  |TAMS 0x0000000713800000, 0x0000000713800000| Untracked 
|  82|0x0000000713a00000, 0x0000000713a00000, 0x0000000713c00000|  0%| F|  |TAMS 0x0000000713a00000, 0x0000000713a00000| Untracked 
|  83|0x0000000713c00000, 0x0000000713c00000, 0x0000000713e00000|  0%| F|  |TAMS 0x0000000713c00000, 0x0000000713c00000| Untracked 
|  84|0x0000000713e00000, 0x0000000713e00000, 0x0000000714000000|  0%| F|  |TAMS 0x0000000713e00000, 0x0000000713e00000| Untracked 
|  85|0x0000000714000000, 0x0000000714000000, 0x0000000714200000|  0%| F|  |TAMS 0x0000000714000000, 0x0000000714000000| Untracked 
|  86|0x0000000714200000, 0x0000000714200000, 0x0000000714400000|  0%| F|  |TAMS 0x0000000714200000, 0x0000000714200000| Untracked 
|  87|0x0000000714400000, 0x0000000714400000, 0x0000000714600000|  0%| F|  |TAMS 0x0000000714400000, 0x0000000714400000| Untracked 
|  88|0x0000000714600000, 0x0000000714600000, 0x0000000714800000|  0%| F|  |TAMS 0x0000000714600000, 0x0000000714600000| Untracked 
|  89|0x0000000714800000, 0x0000000714800000, 0x0000000714a00000|  0%| F|  |TAMS 0x0000000714800000, 0x0000000714800000| Untracked 
|  90|0x0000000714a00000, 0x0000000714a00000, 0x0000000714c00000|  0%| F|  |TAMS 0x0000000714a00000, 0x0000000714a00000| Untracked 
|  91|0x0000000714c00000, 0x0000000714c00000, 0x0000000714e00000|  0%| F|  |TAMS 0x0000000714c00000, 0x0000000714c00000| Untracked 
|  92|0x0000000714e00000, 0x0000000714e00000, 0x0000000715000000|  0%| F|  |TAMS 0x0000000714e00000, 0x0000000714e00000| Untracked 
|  93|0x0000000715000000, 0x00000007151fbb28, 0x0000000715200000| 99%| S|CS|TAMS 0x0000000715000000, 0x0000000715000000| Complete 
|  94|0x0000000715200000, 0x0000000715400000, 0x0000000715400000|100%| S|CS|TAMS 0x0000000715200000, 0x0000000715200000| Complete 
|  95|0x0000000715400000, 0x0000000715600000, 0x0000000715600000|100%| S|CS|TAMS 0x0000000715400000, 0x0000000715400000| Complete 
|  96|0x0000000715600000, 0x0000000715800000, 0x0000000715800000|100%| S|CS|TAMS 0x0000000715600000, 0x0000000715600000| Complete 
|  97|0x0000000715800000, 0x0000000715a00000, 0x0000000715a00000|100%| S|CS|TAMS 0x0000000715800000, 0x0000000715800000| Complete 
|  98|0x0000000715a00000, 0x0000000715c00000, 0x0000000715c00000|100%| S|CS|TAMS 0x0000000715a00000, 0x0000000715a00000| Complete 
|  99|0x0000000715c00000, 0x0000000715e00000, 0x0000000715e00000|100%| S|CS|TAMS 0x0000000715c00000, 0x0000000715c00000| Complete 
| 100|0x0000000715e00000, 0x0000000716000000, 0x0000000716000000|100%| S|CS|TAMS 0x0000000715e00000, 0x0000000715e00000| Complete 
| 101|0x0000000716000000, 0x0000000716200000, 0x0000000716200000|100%| S|CS|TAMS 0x0000000716000000, 0x0000000716000000| Complete 
| 102|0x0000000716200000, 0x0000000716400000, 0x0000000716400000|100%| S|CS|TAMS 0x0000000716200000, 0x0000000716200000| Complete 
| 103|0x0000000716400000, 0x0000000716600000, 0x0000000716600000|100%| S|CS|TAMS 0x0000000716400000, 0x0000000716400000| Complete 
| 104|0x0000000716600000, 0x0000000716800000, 0x0000000716800000|100%| S|CS|TAMS 0x0000000716600000, 0x0000000716600000| Complete 
| 105|0x0000000716800000, 0x0000000716a00000, 0x0000000716a00000|100%| S|CS|TAMS 0x0000000716800000, 0x0000000716800000| Complete 
| 106|0x0000000716a00000, 0x0000000716c00000, 0x0000000716c00000|100%| S|CS|TAMS 0x0000000716a00000, 0x0000000716a00000| Complete 
| 107|0x0000000716c00000, 0x0000000716e00000, 0x0000000716e00000|100%| S|CS|TAMS 0x0000000716c00000, 0x0000000716c00000| Complete 
| 108|0x0000000716e00000, 0x0000000717000000, 0x0000000717000000|100%| S|CS|TAMS 0x0000000716e00000, 0x0000000716e00000| Complete 
| 109|0x0000000717000000, 0x0000000717000000, 0x0000000717200000|  0%| F|  |TAMS 0x0000000717000000, 0x0000000717000000| Untracked 
| 110|0x0000000717200000, 0x0000000717200000, 0x0000000717400000|  0%| F|  |TAMS 0x0000000717200000, 0x0000000717200000| Untracked 
| 111|0x0000000717400000, 0x0000000717400000, 0x0000000717600000|  0%| F|  |TAMS 0x0000000717400000, 0x0000000717400000| Untracked 
| 112|0x0000000717600000, 0x0000000717600000, 0x0000000717800000|  0%| F|  |TAMS 0x0000000717600000, 0x0000000717600000| Untracked 
| 113|0x0000000717800000, 0x0000000717800000, 0x0000000717a00000|  0%| F|  |TAMS 0x0000000717800000, 0x0000000717800000| Untracked 
| 114|0x0000000717a00000, 0x0000000717a00000, 0x0000000717c00000|  0%| F|  |TAMS 0x0000000717a00000, 0x0000000717a00000| Untracked 
| 115|0x0000000717c00000, 0x0000000717c00000, 0x0000000717e00000|  0%| F|  |TAMS 0x0000000717c00000, 0x0000000717c00000| Untracked 
| 116|0x0000000717e00000, 0x0000000717e00000, 0x0000000718000000|  0%| F|  |TAMS 0x0000000717e00000, 0x0000000717e00000| Untracked 
| 117|0x0000000718000000, 0x0000000718000000, 0x0000000718200000|  0%| F|  |TAMS 0x0000000718000000, 0x0000000718000000| Untracked 
| 118|0x0000000718200000, 0x0000000718200000, 0x0000000718400000|  0%| F|  |TAMS 0x0000000718200000, 0x0000000718200000| Untracked 
| 119|0x0000000718400000, 0x0000000718400000, 0x0000000718600000|  0%| F|  |TAMS 0x0000000718400000, 0x0000000718400000| Untracked 
| 120|0x0000000718600000, 0x0000000718800000, 0x0000000718800000|100%| S|CS|TAMS 0x0000000718600000, 0x0000000718600000| Complete 
| 121|0x0000000718800000, 0x0000000718a00000, 0x0000000718a00000|100%| S|CS|TAMS 0x0000000718800000, 0x0000000718800000| Complete 
| 122|0x0000000718a00000, 0x0000000718c00000, 0x0000000718c00000|100%| S|CS|TAMS 0x0000000718a00000, 0x0000000718a00000| Complete 
| 123|0x0000000718c00000, 0x0000000718e00000, 0x0000000718e00000|100%| S|CS|TAMS 0x0000000718c00000, 0x0000000718c00000| Complete 
| 124|0x0000000718e00000, 0x0000000719000000, 0x0000000719000000|100%| S|CS|TAMS 0x0000000718e00000, 0x0000000718e00000| Complete 
| 125|0x0000000719000000, 0x0000000719200000, 0x0000000719200000|100%| S|CS|TAMS 0x0000000719000000, 0x0000000719000000| Complete 
| 126|0x0000000719200000, 0x0000000719200000, 0x0000000719400000|  0%| F|  |TAMS 0x0000000719200000, 0x0000000719200000| Untracked 
| 127|0x0000000719400000, 0x0000000719400000, 0x0000000719600000|  0%| F|  |TAMS 0x0000000719400000, 0x0000000719400000| Untracked 
| 128|0x0000000719600000, 0x0000000719600000, 0x0000000719800000|  0%| F|  |TAMS 0x0000000719600000, 0x0000000719600000| Untracked 
| 129|0x0000000719800000, 0x0000000719800000, 0x0000000719a00000|  0%| F|  |TAMS 0x0000000719800000, 0x0000000719800000| Untracked 
| 130|0x0000000719a00000, 0x0000000719a00000, 0x0000000719c00000|  0%| F|  |TAMS 0x0000000719a00000, 0x0000000719a00000| Untracked 
| 131|0x0000000719c00000, 0x0000000719c00000, 0x0000000719e00000|  0%| F|  |TAMS 0x0000000719c00000, 0x0000000719c00000| Untracked 
| 132|0x0000000719e00000, 0x0000000719e00000, 0x000000071a000000|  0%| F|  |TAMS 0x0000000719e00000, 0x0000000719e00000| Untracked 
| 133|0x000000071a000000, 0x000000071a000000, 0x000000071a200000|  0%| F|  |TAMS 0x000000071a000000, 0x000000071a000000| Untracked 
| 134|0x000000071a200000, 0x000000071a200000, 0x000000071a400000|  0%| F|  |TAMS 0x000000071a200000, 0x000000071a200000| Untracked 
| 135|0x000000071a400000, 0x000000071a400000, 0x000000071a600000|  0%| F|  |TAMS 0x000000071a400000, 0x000000071a400000| Untracked 
| 136|0x000000071a600000, 0x000000071a600000, 0x000000071a800000|  0%| F|  |TAMS 0x000000071a600000, 0x000000071a600000| Untracked 
| 137|0x000000071a800000, 0x000000071a800000, 0x000000071aa00000|  0%| F|  |TAMS 0x000000071a800000, 0x000000071a800000| Untracked 
| 138|0x000000071aa00000, 0x000000071aa00000, 0x000000071ac00000|  0%| F|  |TAMS 0x000000071aa00000, 0x000000071aa00000| Untracked 
| 139|0x000000071ac00000, 0x000000071ac00000, 0x000000071ae00000|  0%| F|  |TAMS 0x000000071ac00000, 0x000000071ac00000| Untracked 
| 140|0x000000071ae00000, 0x000000071ae00000, 0x000000071b000000|  0%| F|  |TAMS 0x000000071ae00000, 0x000000071ae00000| Untracked 
| 141|0x000000071b000000, 0x000000071b000000, 0x000000071b200000|  0%| F|  |TAMS 0x000000071b000000, 0x000000071b000000| Untracked 
| 142|0x000000071b200000, 0x000000071b200000, 0x000000071b400000|  0%| F|  |TAMS 0x000000071b200000, 0x000000071b200000| Untracked 
| 143|0x000000071b400000, 0x000000071b400000, 0x000000071b600000|  0%| F|  |TAMS 0x000000071b400000, 0x000000071b400000| Untracked 
| 144|0x000000071b600000, 0x000000071b600000, 0x000000071b800000|  0%| F|  |TAMS 0x000000071b600000, 0x000000071b600000| Untracked 
| 145|0x000000071b800000, 0x000000071b800000, 0x000000071ba00000|  0%| F|  |TAMS 0x000000071b800000, 0x000000071b800000| Untracked 
| 146|0x000000071ba00000, 0x000000071ba00000, 0x000000071bc00000|  0%| F|  |TAMS 0x000000071ba00000, 0x000000071ba00000| Untracked 
| 147|0x000000071bc00000, 0x000000071bc00000, 0x000000071be00000|  0%| F|  |TAMS 0x000000071bc00000, 0x000000071bc00000| Untracked 
| 148|0x000000071be00000, 0x000000071be00000, 0x000000071c000000|  0%| F|  |TAMS 0x000000071be00000, 0x000000071be00000| Untracked 
| 149|0x000000071c000000, 0x000000071c000000, 0x000000071c200000|  0%| F|  |TAMS 0x000000071c000000, 0x000000071c000000| Untracked 
| 150|0x000000071c200000, 0x000000071c200000, 0x000000071c400000|  0%| F|  |TAMS 0x000000071c200000, 0x000000071c200000| Untracked 
| 151|0x000000071c400000, 0x000000071c400000, 0x000000071c600000|  0%| F|  |TAMS 0x000000071c400000, 0x000000071c400000| Untracked 
| 152|0x000000071c600000, 0x000000071c600000, 0x000000071c800000|  0%| F|  |TAMS 0x000000071c600000, 0x000000071c600000| Untracked 
| 153|0x000000071c800000, 0x000000071c800000, 0x000000071ca00000|  0%| F|  |TAMS 0x000000071c800000, 0x000000071c800000| Untracked 
| 154|0x000000071ca00000, 0x000000071ca00000, 0x000000071cc00000|  0%| F|  |TAMS 0x000000071ca00000, 0x000000071ca00000| Untracked 
| 155|0x000000071cc00000, 0x000000071cc00000, 0x000000071ce00000|  0%| F|  |TAMS 0x000000071cc00000, 0x000000071cc00000| Untracked 
| 156|0x000000071ce00000, 0x000000071ce00000, 0x000000071d000000|  0%| F|  |TAMS 0x000000071ce00000, 0x000000071ce00000| Untracked 
| 157|0x000000071d000000, 0x000000071d000000, 0x000000071d200000|  0%| F|  |TAMS 0x000000071d000000, 0x000000071d000000| Untracked 
| 158|0x000000071d200000, 0x000000071d200000, 0x000000071d400000|  0%| F|  |TAMS 0x000000071d200000, 0x000000071d200000| Untracked 
| 159|0x000000071d400000, 0x000000071d400000, 0x000000071d600000|  0%| F|  |TAMS 0x000000071d400000, 0x000000071d400000| Untracked 
| 160|0x000000071d600000, 0x000000071d600000, 0x000000071d800000|  0%| F|  |TAMS 0x000000071d600000, 0x000000071d600000| Untracked 
| 161|0x000000071d800000, 0x000000071d800000, 0x000000071da00000|  0%| F|  |TAMS 0x000000071d800000, 0x000000071d800000| Untracked 
| 162|0x000000071da00000, 0x000000071da00000, 0x000000071dc00000|  0%| F|  |TAMS 0x000000071da00000, 0x000000071da00000| Untracked 
| 163|0x000000071dc00000, 0x000000071dc00000, 0x000000071de00000|  0%| F|  |TAMS 0x000000071dc00000, 0x000000071dc00000| Untracked 
| 164|0x000000071de00000, 0x000000071de00000, 0x000000071e000000|  0%| F|  |TAMS 0x000000071de00000, 0x000000071de00000| Untracked 
| 165|0x000000071e000000, 0x000000071e000000, 0x000000071e200000|  0%| F|  |TAMS 0x000000071e000000, 0x000000071e000000| Untracked 
| 166|0x000000071e200000, 0x000000071e200000, 0x000000071e400000|  0%| F|  |TAMS 0x000000071e200000, 0x000000071e200000| Untracked 
| 167|0x000000071e400000, 0x000000071e400000, 0x000000071e600000|  0%| F|  |TAMS 0x000000071e400000, 0x000000071e400000| Untracked 
| 168|0x000000071e600000, 0x000000071e600000, 0x000000071e800000|  0%| F|  |TAMS 0x000000071e600000, 0x000000071e600000| Untracked 
| 169|0x000000071e800000, 0x000000071e800000, 0x000000071ea00000|  0%| F|  |TAMS 0x000000071e800000, 0x000000071e800000| Untracked 
| 170|0x000000071ea00000, 0x000000071ea00000, 0x000000071ec00000|  0%| F|  |TAMS 0x000000071ea00000, 0x000000071ea00000| Untracked 
| 171|0x000000071ec00000, 0x000000071ec00000, 0x000000071ee00000|  0%| F|  |TAMS 0x000000071ec00000, 0x000000071ec00000| Untracked 
| 172|0x000000071ee00000, 0x000000071ee00000, 0x000000071f000000|  0%| F|  |TAMS 0x000000071ee00000, 0x000000071ee00000| Untracked 
| 173|0x000000071f000000, 0x000000071f000000, 0x000000071f200000|  0%| F|  |TAMS 0x000000071f000000, 0x000000071f000000| Untracked 
| 174|0x000000071f200000, 0x000000071f200000, 0x000000071f400000|  0%| F|  |TAMS 0x000000071f200000, 0x000000071f200000| Untracked 
| 175|0x000000071f400000, 0x000000071f400000, 0x000000071f600000|  0%| F|  |TAMS 0x000000071f400000, 0x000000071f400000| Untracked 
| 176|0x000000071f600000, 0x000000071f600000, 0x000000071f800000|  0%| F|  |TAMS 0x000000071f600000, 0x000000071f600000| Untracked 
| 177|0x000000071f800000, 0x000000071f800000, 0x000000071fa00000|  0%| F|  |TAMS 0x000000071f800000, 0x000000071f800000| Untracked 
| 178|0x000000071fa00000, 0x000000071fa00000, 0x000000071fc00000|  0%| F|  |TAMS 0x000000071fa00000, 0x000000071fa00000| Untracked 
| 179|0x000000071fc00000, 0x000000071fc00000, 0x000000071fe00000|  0%| F|  |TAMS 0x000000071fc00000, 0x000000071fc00000| Untracked 
| 180|0x000000071fe00000, 0x000000071fe00000, 0x0000000720000000|  0%| F|  |TAMS 0x000000071fe00000, 0x000000071fe00000| Untracked 
| 181|0x0000000720000000, 0x0000000720000000, 0x0000000720200000|  0%| F|  |TAMS 0x0000000720000000, 0x0000000720000000| Untracked 
| 182|0x0000000720200000, 0x0000000720200000, 0x0000000720400000|  0%| F|  |TAMS 0x0000000720200000, 0x0000000720200000| Untracked 
| 183|0x0000000720400000, 0x0000000720400000, 0x0000000720600000|  0%| F|  |TAMS 0x0000000720400000, 0x0000000720400000| Untracked 
| 184|0x0000000720600000, 0x0000000720600000, 0x0000000720800000|  0%| F|  |TAMS 0x0000000720600000, 0x0000000720600000| Untracked 
| 185|0x0000000720800000, 0x0000000720800000, 0x0000000720a00000|  0%| F|  |TAMS 0x0000000720800000, 0x0000000720800000| Untracked 
| 186|0x0000000720a00000, 0x0000000720a00000, 0x0000000720c00000|  0%| F|  |TAMS 0x0000000720a00000, 0x0000000720a00000| Untracked 
| 187|0x0000000720c00000, 0x0000000720c00000, 0x0000000720e00000|  0%| F|  |TAMS 0x0000000720c00000, 0x0000000720c00000| Untracked 
| 188|0x0000000720e00000, 0x0000000720e00000, 0x0000000721000000|  0%| F|  |TAMS 0x0000000720e00000, 0x0000000720e00000| Untracked 
| 189|0x0000000721000000, 0x0000000721000000, 0x0000000721200000|  0%| F|  |TAMS 0x0000000721000000, 0x0000000721000000| Untracked 
| 190|0x0000000721200000, 0x0000000721200000, 0x0000000721400000|  0%| F|  |TAMS 0x0000000721200000, 0x0000000721200000| Untracked 
| 191|0x0000000721400000, 0x0000000721400000, 0x0000000721600000|  0%| F|  |TAMS 0x0000000721400000, 0x0000000721400000| Untracked 
| 192|0x0000000721600000, 0x0000000721600000, 0x0000000721800000|  0%| F|  |TAMS 0x0000000721600000, 0x0000000721600000| Untracked 
| 193|0x0000000721800000, 0x0000000721800000, 0x0000000721a00000|  0%| F|  |TAMS 0x0000000721800000, 0x0000000721800000| Untracked 
| 194|0x0000000721a00000, 0x0000000721a00000, 0x0000000721c00000|  0%| F|  |TAMS 0x0000000721a00000, 0x0000000721a00000| Untracked 
| 195|0x0000000721c00000, 0x0000000721c00000, 0x0000000721e00000|  0%| F|  |TAMS 0x0000000721c00000, 0x0000000721c00000| Untracked 
| 196|0x0000000721e00000, 0x0000000721e00000, 0x0000000722000000|  0%| F|  |TAMS 0x0000000721e00000, 0x0000000721e00000| Untracked 
| 197|0x0000000722000000, 0x0000000722000000, 0x0000000722200000|  0%| F|  |TAMS 0x0000000722000000, 0x0000000722000000| Untracked 
| 198|0x0000000722200000, 0x0000000722200000, 0x0000000722400000|  0%| F|  |TAMS 0x0000000722200000, 0x0000000722200000| Untracked 
| 199|0x0000000722400000, 0x0000000722400000, 0x0000000722600000|  0%| F|  |TAMS 0x0000000722400000, 0x0000000722400000| Untracked 
| 200|0x0000000722600000, 0x0000000722600000, 0x0000000722800000|  0%| F|  |TAMS 0x0000000722600000, 0x0000000722600000| Untracked 
| 201|0x0000000722800000, 0x0000000722800000, 0x0000000722a00000|  0%| F|  |TAMS 0x0000000722800000, 0x0000000722800000| Untracked 
| 202|0x0000000722a00000, 0x0000000722a00000, 0x0000000722c00000|  0%| F|  |TAMS 0x0000000722a00000, 0x0000000722a00000| Untracked 
| 203|0x0000000722c00000, 0x0000000722c00000, 0x0000000722e00000|  0%| F|  |TAMS 0x0000000722c00000, 0x0000000722c00000| Untracked 
| 204|0x0000000722e00000, 0x0000000722e00000, 0x0000000723000000|  0%| F|  |TAMS 0x0000000722e00000, 0x0000000722e00000| Untracked 
| 205|0x0000000723000000, 0x0000000723000000, 0x0000000723200000|  0%| F|  |TAMS 0x0000000723000000, 0x0000000723000000| Untracked 
| 206|0x0000000723200000, 0x0000000723200000, 0x0000000723400000|  0%| F|  |TAMS 0x0000000723200000, 0x0000000723200000| Untracked 
| 207|0x0000000723400000, 0x0000000723400000, 0x0000000723600000|  0%| F|  |TAMS 0x0000000723400000, 0x0000000723400000| Untracked 
| 208|0x0000000723600000, 0x0000000723600000, 0x0000000723800000|  0%| F|  |TAMS 0x0000000723600000, 0x0000000723600000| Untracked 
| 209|0x0000000723800000, 0x0000000723800000, 0x0000000723a00000|  0%| F|  |TAMS 0x0000000723800000, 0x0000000723800000| Untracked 
| 210|0x0000000723a00000, 0x0000000723a00000, 0x0000000723c00000|  0%| F|  |TAMS 0x0000000723a00000, 0x0000000723a00000| Untracked 
| 211|0x0000000723c00000, 0x0000000723c00000, 0x0000000723e00000|  0%| F|  |TAMS 0x0000000723c00000, 0x0000000723c00000| Untracked 
| 212|0x0000000723e00000, 0x0000000723e00000, 0x0000000724000000|  0%| F|  |TAMS 0x0000000723e00000, 0x0000000723e00000| Untracked 
| 213|0x0000000724000000, 0x0000000724000000, 0x0000000724200000|  0%| F|  |TAMS 0x0000000724000000, 0x0000000724000000| Untracked 
| 214|0x0000000724200000, 0x0000000724200000, 0x0000000724400000|  0%| F|  |TAMS 0x0000000724200000, 0x0000000724200000| Untracked 
| 215|0x0000000724400000, 0x0000000724400000, 0x0000000724600000|  0%| F|  |TAMS 0x0000000724400000, 0x0000000724400000| Untracked 
| 216|0x0000000724600000, 0x0000000724600000, 0x0000000724800000|  0%| F|  |TAMS 0x0000000724600000, 0x0000000724600000| Untracked 
| 217|0x0000000724800000, 0x0000000724800000, 0x0000000724a00000|  0%| F|  |TAMS 0x0000000724800000, 0x0000000724800000| Untracked 
| 218|0x0000000724a00000, 0x0000000724a00000, 0x0000000724c00000|  0%| F|  |TAMS 0x0000000724a00000, 0x0000000724a00000| Untracked 
| 219|0x0000000724c00000, 0x0000000724c00000, 0x0000000724e00000|  0%| F|  |TAMS 0x0000000724c00000, 0x0000000724c00000| Untracked 
| 220|0x0000000724e00000, 0x0000000724e00000, 0x0000000725000000|  0%| F|  |TAMS 0x0000000724e00000, 0x0000000724e00000| Untracked 
| 221|0x0000000725000000, 0x0000000725000000, 0x0000000725200000|  0%| F|  |TAMS 0x0000000725000000, 0x0000000725000000| Untracked 
| 222|0x0000000725200000, 0x0000000725200000, 0x0000000725400000|  0%| F|  |TAMS 0x0000000725200000, 0x0000000725200000| Untracked 
| 223|0x0000000725400000, 0x0000000725400000, 0x0000000725600000|  0%| F|  |TAMS 0x0000000725400000, 0x0000000725400000| Untracked 
| 224|0x0000000725600000, 0x0000000725600000, 0x0000000725800000|  0%| F|  |TAMS 0x0000000725600000, 0x0000000725600000| Untracked 
| 225|0x0000000725800000, 0x0000000725800000, 0x0000000725a00000|  0%| F|  |TAMS 0x0000000725800000, 0x0000000725800000| Untracked 
| 226|0x0000000725a00000, 0x0000000725a00000, 0x0000000725c00000|  0%| F|  |TAMS 0x0000000725a00000, 0x0000000725a00000| Untracked 
| 227|0x0000000725c00000, 0x0000000725c00000, 0x0000000725e00000|  0%| F|  |TAMS 0x0000000725c00000, 0x0000000725c00000| Untracked 
| 228|0x0000000725e00000, 0x0000000725e00000, 0x0000000726000000|  0%| F|  |TAMS 0x0000000725e00000, 0x0000000725e00000| Untracked 
| 229|0x0000000726000000, 0x0000000726000000, 0x0000000726200000|  0%| F|  |TAMS 0x0000000726000000, 0x0000000726000000| Untracked 
| 230|0x0000000726200000, 0x0000000726200000, 0x0000000726400000|  0%| F|  |TAMS 0x0000000726200000, 0x0000000726200000| Untracked 
| 231|0x0000000726400000, 0x0000000726400000, 0x0000000726600000|  0%| F|  |TAMS 0x0000000726400000, 0x0000000726400000| Untracked 
| 232|0x0000000726600000, 0x0000000726600000, 0x0000000726800000|  0%| F|  |TAMS 0x0000000726600000, 0x0000000726600000| Untracked 
| 233|0x0000000726800000, 0x0000000726800000, 0x0000000726a00000|  0%| F|  |TAMS 0x0000000726800000, 0x0000000726800000| Untracked 
| 234|0x0000000726a00000, 0x0000000726a00000, 0x0000000726c00000|  0%| F|  |TAMS 0x0000000726a00000, 0x0000000726a00000| Untracked 
| 235|0x0000000726c00000, 0x0000000726c00000, 0x0000000726e00000|  0%| F|  |TAMS 0x0000000726c00000, 0x0000000726c00000| Untracked 
| 236|0x0000000726e00000, 0x0000000726e00000, 0x0000000727000000|  0%| F|  |TAMS 0x0000000726e00000, 0x0000000726e00000| Untracked 
| 237|0x0000000727000000, 0x0000000727000000, 0x0000000727200000|  0%| F|  |TAMS 0x0000000727000000, 0x0000000727000000| Untracked 
| 238|0x0000000727200000, 0x0000000727200000, 0x0000000727400000|  0%| F|  |TAMS 0x0000000727200000, 0x0000000727200000| Untracked 
| 239|0x0000000727400000, 0x0000000727400000, 0x0000000727600000|  0%| F|  |TAMS 0x0000000727400000, 0x0000000727400000| Untracked 
| 240|0x0000000727600000, 0x0000000727600000, 0x0000000727800000|  0%| F|  |TAMS 0x0000000727600000, 0x0000000727600000| Untracked 
| 241|0x0000000727800000, 0x0000000727800000, 0x0000000727a00000|  0%| F|  |TAMS 0x0000000727800000, 0x0000000727800000| Untracked 
| 242|0x0000000727a00000, 0x0000000727a00000, 0x0000000727c00000|  0%| F|  |TAMS 0x0000000727a00000, 0x0000000727a00000| Untracked 
| 243|0x0000000727c00000, 0x0000000727c00000, 0x0000000727e00000|  0%| F|  |TAMS 0x0000000727c00000, 0x0000000727c00000| Untracked 
| 244|0x0000000727e00000, 0x0000000727e00000, 0x0000000728000000|  0%| F|  |TAMS 0x0000000727e00000, 0x0000000727e00000| Untracked 
| 245|0x0000000728000000, 0x0000000728000000, 0x0000000728200000|  0%| F|  |TAMS 0x0000000728000000, 0x0000000728000000| Untracked 
| 246|0x0000000728200000, 0x0000000728200000, 0x0000000728400000|  0%| F|  |TAMS 0x0000000728200000, 0x0000000728200000| Untracked 
| 247|0x0000000728400000, 0x0000000728400000, 0x0000000728600000|  0%| F|  |TAMS 0x0000000728400000, 0x0000000728400000| Untracked 
| 248|0x0000000728600000, 0x0000000728600000, 0x0000000728800000|  0%| F|  |TAMS 0x0000000728600000, 0x0000000728600000| Untracked 
| 249|0x0000000728800000, 0x0000000728800000, 0x0000000728a00000|  0%| F|  |TAMS 0x0000000728800000, 0x0000000728800000| Untracked 
| 250|0x0000000728a00000, 0x0000000728a00000, 0x0000000728c00000|  0%| F|  |TAMS 0x0000000728a00000, 0x0000000728a00000| Untracked 
| 251|0x0000000728c00000, 0x0000000728c00000, 0x0000000728e00000|  0%| F|  |TAMS 0x0000000728c00000, 0x0000000728c00000| Untracked 
| 252|0x0000000728e00000, 0x0000000728e00000, 0x0000000729000000|  0%| F|  |TAMS 0x0000000728e00000, 0x0000000728e00000| Untracked 
| 253|0x0000000729000000, 0x0000000729000000, 0x0000000729200000|  0%| F|  |TAMS 0x0000000729000000, 0x0000000729000000| Untracked 
| 254|0x0000000729200000, 0x0000000729200000, 0x0000000729400000|  0%| F|  |TAMS 0x0000000729200000, 0x0000000729200000| Untracked 
| 255|0x0000000729400000, 0x0000000729400000, 0x0000000729600000|  0%| F|  |TAMS 0x0000000729400000, 0x0000000729400000| Untracked 
| 256|0x0000000729600000, 0x0000000729600000, 0x0000000729800000|  0%| F|  |TAMS 0x0000000729600000, 0x0000000729600000| Untracked 
| 257|0x0000000729800000, 0x0000000729800000, 0x0000000729a00000|  0%| F|  |TAMS 0x0000000729800000, 0x0000000729800000| Untracked 
| 258|0x0000000729a00000, 0x0000000729a00000, 0x0000000729c00000|  0%| F|  |TAMS 0x0000000729a00000, 0x0000000729a00000| Untracked 
| 259|0x0000000729c00000, 0x0000000729c00000, 0x0000000729e00000|  0%| F|  |TAMS 0x0000000729c00000, 0x0000000729c00000| Untracked 
| 260|0x0000000729e00000, 0x0000000729e00000, 0x000000072a000000|  0%| F|  |TAMS 0x0000000729e00000, 0x0000000729e00000| Untracked 
| 261|0x000000072a000000, 0x000000072a000000, 0x000000072a200000|  0%| F|  |TAMS 0x000000072a000000, 0x000000072a000000| Untracked 
| 262|0x000000072a200000, 0x000000072a200000, 0x000000072a400000|  0%| F|  |TAMS 0x000000072a200000, 0x000000072a200000| Untracked 
| 263|0x000000072a400000, 0x000000072a400000, 0x000000072a600000|  0%| F|  |TAMS 0x000000072a400000, 0x000000072a400000| Untracked 
| 264|0x000000072a600000, 0x000000072a600000, 0x000000072a800000|  0%| F|  |TAMS 0x000000072a600000, 0x000000072a600000| Untracked 
| 265|0x000000072a800000, 0x000000072a800000, 0x000000072aa00000|  0%| F|  |TAMS 0x000000072a800000, 0x000000072a800000| Untracked 
| 266|0x000000072aa00000, 0x000000072aa00000, 0x000000072ac00000|  0%| F|  |TAMS 0x000000072aa00000, 0x000000072aa00000| Untracked 
| 267|0x000000072ac00000, 0x000000072ac00000, 0x000000072ae00000|  0%| F|  |TAMS 0x000000072ac00000, 0x000000072ac00000| Untracked 
| 268|0x000000072ae00000, 0x000000072ae00000, 0x000000072b000000|  0%| F|  |TAMS 0x000000072ae00000, 0x000000072ae00000| Untracked 
| 269|0x000000072b000000, 0x000000072b000000, 0x000000072b200000|  0%| F|  |TAMS 0x000000072b000000, 0x000000072b000000| Untracked 
| 270|0x000000072b200000, 0x000000072b200000, 0x000000072b400000|  0%| F|  |TAMS 0x000000072b200000, 0x000000072b200000| Untracked 
| 271|0x000000072b400000, 0x000000072b400000, 0x000000072b600000|  0%| F|  |TAMS 0x000000072b400000, 0x000000072b400000| Untracked 
| 272|0x000000072b600000, 0x000000072b600000, 0x000000072b800000|  0%| F|  |TAMS 0x000000072b600000, 0x000000072b600000| Untracked 
| 273|0x000000072b800000, 0x000000072b800000, 0x000000072ba00000|  0%| F|  |TAMS 0x000000072b800000, 0x000000072b800000| Untracked 
| 274|0x000000072ba00000, 0x000000072ba00000, 0x000000072bc00000|  0%| F|  |TAMS 0x000000072ba00000, 0x000000072ba00000| Untracked 
| 275|0x000000072bc00000, 0x000000072bc00000, 0x000000072be00000|  0%| F|  |TAMS 0x000000072bc00000, 0x000000072bc00000| Untracked 
| 276|0x000000072be00000, 0x000000072be00000, 0x000000072c000000|  0%| F|  |TAMS 0x000000072be00000, 0x000000072be00000| Untracked 
| 277|0x000000072c000000, 0x000000072c000000, 0x000000072c200000|  0%| F|  |TAMS 0x000000072c000000, 0x000000072c000000| Untracked 
| 278|0x000000072c200000, 0x000000072c200000, 0x000000072c400000|  0%| F|  |TAMS 0x000000072c200000, 0x000000072c200000| Untracked 
| 279|0x000000072c400000, 0x000000072c400000, 0x000000072c600000|  0%| F|  |TAMS 0x000000072c400000, 0x000000072c400000| Untracked 
| 280|0x000000072c600000, 0x000000072c600000, 0x000000072c800000|  0%| F|  |TAMS 0x000000072c600000, 0x000000072c600000| Untracked 
| 281|0x000000072c800000, 0x000000072c800000, 0x000000072ca00000|  0%| F|  |TAMS 0x000000072c800000, 0x000000072c800000| Untracked 
| 282|0x000000072ca00000, 0x000000072ca00000, 0x000000072cc00000|  0%| F|  |TAMS 0x000000072ca00000, 0x000000072ca00000| Untracked 
| 283|0x000000072cc00000, 0x000000072cc00000, 0x000000072ce00000|  0%| F|  |TAMS 0x000000072cc00000, 0x000000072cc00000| Untracked 
| 284|0x000000072ce00000, 0x000000072ce00000, 0x000000072d000000|  0%| F|  |TAMS 0x000000072ce00000, 0x000000072ce00000| Untracked 
| 285|0x000000072d000000, 0x000000072d000000, 0x000000072d200000|  0%| F|  |TAMS 0x000000072d000000, 0x000000072d000000| Untracked 
| 286|0x000000072d200000, 0x000000072d200000, 0x000000072d400000|  0%| F|  |TAMS 0x000000072d200000, 0x000000072d200000| Untracked 

Card table byte_map: [0x00000174c2230000,0x00000174c29f0000] _byte_map_base: 0x00000174be9e5000

Marking Bits (Prev, Next): (CMBitMap*) 0x00000174bbb22330, (CMBitMap*) 0x00000174bbb222f0
 Prev Bits: [0x00000174c6f60000, 0x00000174cad08000)
 Next Bits: [0x00000174c31b0000, 0x00000174c6f58000)

Polling page: 0x00000174b9a20000

Metaspace:

Usage:
  Non-class:     39.53 MB used.
      Class:      5.69 MB used.
       Both:     45.21 MB used.

Virtual space:
  Non-class space:       40.00 MB reserved,      39.75 MB (>99%) committed,  5 nodes.
      Class space:        1.00 GB reserved,       5.88 MB ( <1%) committed,  1 nodes.
             Both:        1.04 GB reserved,      45.62 MB (  4%) committed. 

Chunk freelists:
   Non-Class:  0 bytes
       Class:  2.02 MB
        Both:  2.02 MB

MaxMetaspaceSize: unlimited
CompressedClassSpaceSize: 1.00 GB
Initial GC threshold: 21.00 MB
Current GC threshold: 62.62 MB
CDS: off
MetaspaceReclaimPolicy: balanced
 - commit_granule_bytes: 65536.
 - commit_granule_words: 8192.
 - virtual_space_node_default_size: 1048576.
 - enlarge_chunks_in_place: 1.
 - new_chunks_are_fully_committed: 0.
 - uncommit_free_chunks: 1.
 - use_allocation_guard: 0.
 - handle_deallocations: 1.


Internal statistics:

num_allocs_failed_limit: 6.
num_arena_births: 534.
num_arena_deaths: 0.
num_vsnodes_births: 6.
num_vsnodes_deaths: 0.
num_space_committed: 730.
num_space_uncommitted: 0.
num_chunks_returned_to_freelist: 6.
num_chunks_taken_from_freelist: 1931.
num_chunk_merges: 6.
num_chunk_splits: 1329.
num_chunks_enlarged: 994.
num_purges: 0.
num_inconsistent_stats: 0.

CodeCache: size=49152Kb used=10691Kb max_used=10691Kb free=38461Kb
 bounds [0x00000174be740000, 0x00000174bf1c0000, 0x00000174c1740000]
 total_blobs=5200 nmethods=4611 adapters=513
 compilation: enabled
              stopped_count=0, restarted_count=0
 full_count=0

Compilation events (20 events):
Event: 4.267 Thread 0x00000174ce68fda0 4604       1       java.util.regex.Pattern$$Lambda$102/0x0000000800150cf0::<init> (10 bytes)
Event: 4.267 Thread 0x00000174ce68fda0 nmethod 4604 0x00000174bf1ad810 code [0x00000174bf1ad9a0, 0x00000174bf1ada78]
Event: 4.267 Thread 0x00000174ce68b660 nmethod 4603 0x00000174bf1adb10 code [0x00000174bf1adca0, 0x00000174bf1add88]
Event: 4.268 Thread 0x00000174ce4782f0 nmethod 4602 0x00000174bf1ade90 code [0x00000174bf1ae0a0, 0x00000174bf1ae558]
Event: 4.268 Thread 0x00000174ce4782f0 4605       1       io.github.classgraph.MethodInfo::<init> (101 bytes)
Event: 4.268 Thread 0x00000174ce4782f0 nmethod 4605 0x00000174bf1ae810 code [0x00000174bf1ae9e0, 0x00000174bf1aef48]
Event: 4.268 Thread 0x00000174ce68fda0 4606       1       nonapi.io.github.classgraph.types.Parser::peek (30 bytes)
Event: 4.268 Thread 0x00000174ce68b660 4607       1       nonapi.io.github.classgraph.types.Parser::hasMore (20 bytes)
Event: 4.268 Thread 0x00000174cf456c30 4608       1       nonapi.io.github.classgraph.types.Parser::next (11 bytes)
Event: 4.268 Thread 0x00000174ce4782f0 4609       1       nonapi.io.github.classgraph.types.Parser::appendToToken (10 bytes)
Event: 4.268 Thread 0x00000174cf456c30 nmethod 4608 0x00000174bf1af010 code [0x00000174bf1af1a0, 0x00000174bf1af278]
Event: 4.268 Thread 0x00000174ce68b660 nmethod 4607 0x00000174bf1af310 code [0x00000174bf1af4a0, 0x00000174bf1af598]
Event: 4.269 Thread 0x00000174ce4782f0 nmethod 4609 0x00000174bf1af690 code [0x00000174bf1af820, 0x00000174bf1af908]
Event: 4.269 Thread 0x00000174ce68fda0 nmethod 4606 0x00000174bf1afa10 code [0x00000174bf1afbc0, 0x00000174bf1afdd8]
Event: 4.269 Thread 0x00000174ce4782f0 4610       1       io.github.classgraph.InfoList::<init> (5 bytes)
Event: 4.269 Thread 0x00000174cf456c30 4611       1       io.github.classgraph.PotentiallyUnmodifiableList::<init> (10 bytes)
Event: 4.269 Thread 0x00000174ce4782f0 nmethod 4610 0x00000174bf1aff90 code [0x00000174bf1b0120, 0x00000174bf1b0258]
Event: 4.269 Thread 0x00000174cf456c30 nmethod 4611 0x00000174bf1b0310 code [0x00000174bf1b04a0, 0x00000174bf1b05d8]
Event: 4.269 Thread 0x00000174ce4782f0 4612       1       io.github.classgraph.InfoList::iterator (5 bytes)
Event: 4.269 Thread 0x00000174ce4782f0 nmethod 4612 0x00000174bf1b0690 code [0x00000174bf1b0820, 0x00000174bf1b0af8]

GC Heap History (20 events):
Event: 3.450 GC heap after
{Heap after GC invocations=16 (full 0):
 garbage-first heap   total 120832K, used 64084K [0x0000000709600000, 0x0000000800000000)
  region size 2048K, 1 young (2048K), 1 survivors (2048K)
 Metaspace       used 38033K, committed 38464K, reserved 1089536K
  class space    used 4942K, committed 5120K, reserved 1048576K
}
Event: 3.458 GC heap before
{Heap before GC invocations=16 (full 0):
 garbage-first heap   total 120832K, used 84564K [0x0000000709600000, 0x0000000800000000)
  region size 2048K, 12 young (24576K), 1 survivors (2048K)
 Metaspace       used 38056K, committed 38464K, reserved 1089536K
  class space    used 4942K, committed 5120K, reserved 1048576K
}
Event: 3.460 GC heap after
{Heap after GC invocations=17 (full 0):
 garbage-first heap   total 241664K, used 64925K [0x0000000709600000, 0x0000000800000000)
  region size 2048K, 2 young (4096K), 2 survivors (4096K)
 Metaspace       used 38056K, committed 38464K, reserved 1089536K
  class space    used 4942K, committed 5120K, reserved 1048576K
}
Event: 3.521 GC heap before
{Heap before GC invocations=18 (full 0):
 garbage-first heap   total 241664K, used 167325K [0x0000000709600000, 0x0000000800000000)
  region size 2048K, 53 young (108544K), 2 survivors (4096K)
 Metaspace       used 38217K, committed 38592K, reserved 1089536K
  class space    used 4956K, committed 5120K, reserved 1048576K
}
Event: 3.524 GC heap after
{Heap after GC invocations=19 (full 0):
 garbage-first heap   total 241664K, used 69149K [0x0000000709600000, 0x0000000800000000)
  region size 2048K, 4 young (8192K), 4 survivors (8192K)
 Metaspace       used 38217K, committed 38592K, reserved 1089536K
  class space    used 4956K, committed 5120K, reserved 1048576K
}
Event: 3.547 GC heap before
{Heap before GC invocations=19 (full 0):
 garbage-first heap   total 241664K, used 179741K [0x0000000709600000, 0x0000000800000000)
  region size 2048K, 59 young (120832K), 4 survivors (8192K)
 Metaspace       used 38249K, committed 38720K, reserved 1089536K
  class space    used 4961K, committed 5184K, reserved 1048576K
}
Event: 3.550 GC heap after
{Heap after GC invocations=20 (full 0):
 garbage-first heap   total 241664K, used 73736K [0x0000000709600000, 0x0000000800000000)
  region size 2048K, 6 young (12288K), 6 survivors (12288K)
 Metaspace       used 38249K, committed 38720K, reserved 1089536K
  class space    used 4961K, committed 5184K, reserved 1048576K
}
Event: 3.570 GC heap before
{Heap before GC invocations=20 (full 0):
 garbage-first heap   total 241664K, used 184328K [0x0000000709600000, 0x0000000800000000)
  region size 2048K, 61 young (124928K), 6 survivors (12288K)
 Metaspace       used 38249K, committed 38720K, reserved 1089536K
  class space    used 4961K, committed 5184K, reserved 1048576K
}
Event: 3.576 GC heap after
{Heap after GC invocations=21 (full 0):
 garbage-first heap   total 241664K, used 79130K [0x0000000709600000, 0x0000000800000000)
  region size 2048K, 6 young (12288K), 6 survivors (12288K)
 Metaspace       used 38249K, committed 38720K, reserved 1089536K
  class space    used 4961K, committed 5184K, reserved 1048576K
}
Event: 3.590 GC heap before
{Heap before GC invocations=21 (full 0):
 garbage-first heap   total 241664K, used 187674K [0x0000000709600000, 0x0000000800000000)
  region size 2048K, 60 young (122880K), 6 survivors (12288K)
 Metaspace       used 38251K, committed 38720K, reserved 1089536K
  class space    used 4961K, committed 5184K, reserved 1048576K
}
Event: 3.595 GC heap after
{Heap after GC invocations=22 (full 0):
 garbage-first heap   total 241664K, used 82956K [0x0000000709600000, 0x0000000800000000)
  region size 2048K, 5 young (10240K), 5 survivors (10240K)
 Metaspace       used 38251K, committed 38720K, reserved 1089536K
  class space    used 4961K, committed 5184K, reserved 1048576K
}
Event: 3.609 GC heap before
{Heap before GC invocations=22 (full 0):
 garbage-first heap   total 241664K, used 193548K [0x0000000709600000, 0x0000000800000000)
  region size 2048K, 60 young (122880K), 5 survivors (10240K)
 Metaspace       used 38377K, committed 38848K, reserved 1089536K
  class space    used 4969K, committed 5184K, reserved 1048576K
}
Event: 3.616 GC heap after
{Heap after GC invocations=23 (full 0):
 garbage-first heap   total 587776K, used 87482K [0x0000000709600000, 0x0000000800000000)
  region size 2048K, 5 young (10240K), 5 survivors (10240K)
 Metaspace       used 38377K, committed 38848K, reserved 1089536K
  class space    used 4969K, committed 5184K, reserved 1048576K
}
Event: 3.695 GC heap before
{Heap before GC invocations=23 (full 0):
 garbage-first heap   total 587776K, used 427450K [0x0000000709600000, 0x0000000800000000)
  region size 2048K, 172 young (352256K), 5 survivors (10240K)
 Metaspace       used 38885K, committed 39296K, reserved 1089536K
  class space    used 4986K, committed 5184K, reserved 1048576K
}
Event: 3.703 GC heap after
{Heap after GC invocations=24 (full 0):
 garbage-first heap   total 587776K, used 100274K [0x0000000709600000, 0x0000000800000000)
  region size 2048K, 11 young (22528K), 11 survivors (22528K)
 Metaspace       used 38885K, committed 39296K, reserved 1089536K
  class space    used 4986K, committed 5184K, reserved 1048576K
}
Event: 3.747 GC heap before
{Heap before GC invocations=24 (full 0):
 garbage-first heap   total 587776K, used 427954K [0x0000000709600000, 0x0000000800000000)
  region size 2048K, 172 young (352256K), 11 survivors (22528K)
 Metaspace       used 38992K, committed 39424K, reserved 1089536K
  class space    used 4993K, committed 5184K, reserved 1048576K
}
Event: 3.757 GC heap after
{Heap after GC invocations=25 (full 0):
 garbage-first heap   total 587776K, used 115625K [0x0000000709600000, 0x0000000800000000)
  region size 2048K, 19 young (38912K), 19 survivors (38912K)
 Metaspace       used 38992K, committed 39424K, reserved 1089536K
  class space    used 4993K, committed 5184K, reserved 1048576K
}
Event: 3.909 GC heap before
{Heap before GC invocations=25 (full 0):
 garbage-first heap   total 587776K, used 426921K [0x0000000709600000, 0x0000000800000000)
  region size 2048K, 172 young (352256K), 19 survivors (38912K)
 Metaspace       used 39800K, committed 40192K, reserved 1089536K
  class space    used 5074K, committed 5248K, reserved 1048576K
}
Event: 3.922 GC heap after
{Heap after GC invocations=26 (full 0):
 garbage-first heap   total 587776K, used 137638K [0x0000000709600000, 0x0000000800000000)
  region size 2048K, 19 young (38912K), 19 survivors (38912K)
 Metaspace       used 39800K, committed 40192K, reserved 1089536K
  class space    used 5074K, committed 5248K, reserved 1048576K
}
Event: 4.270 GC heap before
{Heap before GC invocations=26 (full 0):
 garbage-first heap   total 587776K, used 448934K [0x0000000709600000, 0x0000000800000000)
  region size 2048K, 172 young (352256K), 19 survivors (38912K)
 Metaspace       used 46299K, committed 46720K, reserved 1089536K
  class space    used 5822K, committed 6016K, reserved 1048576K
}

Dll operation events (9 events):
Event: 0.008 Loaded shared library c:\Users\gabri\.vscode\extensions\redhat.java-1.14.0-win32-x64\jre\17.0.5-win32-x86_64\bin\java.dll
Event: 0.151 Loaded shared library C:\Users\gabri\.vscode\extensions\redhat.java-1.14.0-win32-x64\jre\17.0.5-win32-x86_64\bin\net.dll
Event: 0.152 Loaded shared library C:\Users\gabri\.vscode\extensions\redhat.java-1.14.0-win32-x64\jre\17.0.5-win32-x86_64\bin\nio.dll
Event: 0.159 Loaded shared library C:\Users\gabri\.vscode\extensions\redhat.java-1.14.0-win32-x64\jre\17.0.5-win32-x86_64\bin\zip.dll
Event: 0.271 Loaded shared library C:\Users\gabri\.vscode\extensions\redhat.java-1.14.0-win32-x64\jre\17.0.5-win32-x86_64\bin\jimage.dll
Event: 0.369 Loaded shared library c:\Users\gabri\.vscode\extensions\redhat.java-1.14.0-win32-x64\jre\17.0.5-win32-x86_64\bin\verify.dll
Event: 2.192 Loaded shared library C:\Users\gabri\.vscode\extensions\redhat.java-1.14.0-win32-x64\jre\17.0.5-win32-x86_64\bin\management.dll
Event: 2.194 Loaded shared library C:\Users\gabri\.vscode\extensions\redhat.java-1.14.0-win32-x64\jre\17.0.5-win32-x86_64\bin\management_ext.dll
Event: 4.126 Loaded shared library C:\Users\gabri\.vscode\extensions\redhat.java-1.14.0-win32-x64\jre\17.0.5-win32-x86_64\bin\sunmscapi.dll

Deoptimization events (12 events):
Event: 1.115 Thread 0x00000174bbab4180 DEOPT PACKING pc=0x00000174bece40f9 sp=0x0000005c3dbfd1a0
Event: 1.115 Thread 0x00000174bbab4180 DEOPT UNPACKING pc=0x00000174be792b43 sp=0x0000005c3dbfc680 mode 3
Event: 2.660 Thread 0x00000174cfd223d0 DEOPT PACKING pc=0x00000174beefabed sp=0x0000005c3fffd750
Event: 2.660 Thread 0x00000174cfd223d0 DEOPT UNPACKING pc=0x00000174be792b43 sp=0x0000005c3fffcc78 mode 3
Event: 2.780 Thread 0x00000174cfcfea10 DEOPT PACKING pc=0x00000174becec209 sp=0x0000005c3fefd850
Event: 2.780 Thread 0x00000174cfcfea10 DEOPT UNPACKING pc=0x00000174be792b43 sp=0x0000005c3fefcce0 mode 3
Event: 2.782 Thread 0x00000174cfd223d0 DEOPT PACKING pc=0x00000174bece2b1f sp=0x0000005c3ffff390
Event: 2.782 Thread 0x00000174cfd223d0 DEOPT UNPACKING pc=0x00000174be792b43 sp=0x0000005c3fffe7e8 mode 3
Event: 2.860 Thread 0x00000174cfd854f0 DEOPT PACKING pc=0x00000174bef1bd13 sp=0x0000005c404fe2e0
Event: 2.860 Thread 0x00000174cfd854f0 DEOPT UNPACKING pc=0x00000174be792b43 sp=0x0000005c404fd828 mode 3
Event: 4.110 Thread 0x00000174cfce4660 DEOPT PACKING pc=0x00000174be9c2c2c sp=0x0000005c421fe000
Event: 4.110 Thread 0x00000174cfce4660 DEOPT UNPACKING pc=0x00000174be792b43 sp=0x0000005c421fd4c8 mode 0

Classes unloaded (0 events):
No events

Classes redefined (0 events):
No events

Internal exceptions (20 events):
Event: 2.893 Thread 0x00000174cfd859c0 Exception <a 'sun/nio/fs/WindowsException'{0x000000070d5623a0}> (0x000000070d5623a0) 
thrown [s\src\hotspot\share\prims\jni.cpp, line 516]
Event: 2.893 Thread 0x00000174cfd859c0 Exception <a 'sun/nio/fs/WindowsException'{0x000000070d562da0}> (0x000000070d562da0) 
thrown [s\src\hotspot\share\prims\jni.cpp, line 516]
Event: 2.894 Thread 0x00000174cfd859c0 Exception <a 'sun/nio/fs/WindowsException'{0x000000070d563160}> (0x000000070d563160) 
thrown [s\src\hotspot\share\prims\jni.cpp, line 516]
Event: 2.894 Thread 0x00000174cfd859c0 Exception <a 'sun/nio/fs/WindowsException'{0x000000070d563b60}> (0x000000070d563b60) 
thrown [s\src\hotspot\share\prims\jni.cpp, line 516]
Event: 2.894 Thread 0x00000174cfd859c0 Exception <a 'sun/nio/fs/WindowsException'{0x000000070d563f10}> (0x000000070d563f10) 
thrown [s\src\hotspot\share\prims\jni.cpp, line 516]
Event: 2.894 Thread 0x00000174cfd859c0 Exception <a 'sun/nio/fs/WindowsException'{0x000000070d564910}> (0x000000070d564910) 
thrown [s\src\hotspot\share\prims\jni.cpp, line 516]
Event: 2.894 Thread 0x00000174cfd859c0 Exception <a 'sun/nio/fs/WindowsException'{0x000000070d564cd0}> (0x000000070d564cd0) 
thrown [s\src\hotspot\share\prims\jni.cpp, line 516]
Event: 2.894 Thread 0x00000174cfd859c0 Exception <a 'sun/nio/fs/WindowsException'{0x000000070d5656f8}> (0x000000070d5656f8) 
thrown [s\src\hotspot\share\prims\jni.cpp, line 516]
Event: 2.894 Thread 0x00000174cfd859c0 Exception <a 'sun/nio/fs/WindowsException'{0x000000070d565ad8}> (0x000000070d565ad8) 
thrown [s\src\hotspot\share\prims\jni.cpp, line 516]
Event: 2.894 Thread 0x00000174cfd859c0 Exception <a 'sun/nio/fs/WindowsException'{0x000000070d566510}> (0x000000070d566510) 
thrown [s\src\hotspot\share\prims\jni.cpp, line 516]
Event: 2.895 Thread 0x00000174cfd859c0 Exception <a 'sun/nio/fs/WindowsException'{0x000000070d566900}> (0x000000070d566900) 
thrown [s\src\hotspot\share\prims\jni.cpp, line 516]
Event: 2.896 Thread 0x00000174cfd859c0 Exception <a 'sun/nio/fs/WindowsException'{0x000000070d567328}> (0x000000070d567328) 
thrown [s\src\hotspot\share\prims\jni.cpp, line 516]
Event: 2.896 Thread 0x00000174cfd859c0 Exception <a 'sun/nio/fs/WindowsException'{0x000000070d567718}> (0x000000070d567718) 
thrown [s\src\hotspot\share\prims\jni.cpp, line 516]
Event: 3.837 Thread 0x00000174cfce5000 Exception <a 'sun/nio/fs/WindowsException'{0x000000071d3952a8}> (0x000000071d3952a8) 
thrown [s\src\hotspot\share\prims\jni.cpp, line 516]
Event: 3.837 Thread 0x00000174cfce5000 Exception <a 'sun/nio/fs/WindowsException'{0x000000071d395678}> (0x000000071d395678) 
thrown [s\src\hotspot\share\prims\jni.cpp, line 516]
Event: 3.891 Thread 0x00000174cfd223d0 Exception <a 'java/lang/NoSuchMethodError'{0x000000071ac0e948}: 'java.lang.Object java.lang.invoke.Invokers$Holder.invoke_MT(java.lang.Object, java.lang.Object, java.lang.Object)'> (0x000000071ac0e948) 
thrown [s\src\hotspot\share\interpreter\linkResolver.cpp, line 759]
Event: 4.023 Thread 0x00000174cfd223d0 Exception <a 'java/lang/NoSuchMethodError'{0x0000000727c31a10}: 'java.lang.Object java.lang.invoke.DirectMethodHandle$Holder.newInvokeSpecial(java.lang.Object, java.lang.Object, int)'> (0x0000000727c31a10) 
thrown [s\src\hotspot\share\interpreter\linkResolver.cpp, line 759]
Event: 4.049 Thread 0x00000174cfce4660 Exception <a 'java/lang/NoSuchMethodError'{0x00000007268152a0}: 'void java.lang.invoke.DirectMethodHandle$Holder.invokeVirtual(java.lang.Object, java.lang.Object, java.lang.Object, java.lang.Object)'> (0x00000007268152a0) 
thrown [s\src\hotspot\share\interpreter\linkResolver.cpp, line 759]
Event: 4.139 Thread 0x00000174cfce4660 Exception <a 'sun/nio/fs/WindowsException'{0x000000072184a0f8}> (0x000000072184a0f8) 
thrown [s\src\hotspot\share\prims\jni.cpp, line 516]
Event: 4.146 Thread 0x00000174cfce4660 Exception <a 'java/lang/NoSuchMethodError'{0x000000072186ae10}: 'int java.lang.invoke.DirectMethodHandle$Holder.invokeStaticInit(java.lang.Object, java.lang.Object, java.lang.Object, java.lang.Object)'> (0x000000072186ae10) 
thrown [s\src\hotspot\share\interpreter\linkResolver.cpp, line 759]

VM Operations (20 events):
Event: 3.924 Executing VM operation: G1CollectForAllocation done
Event: 3.929 Executing VM operation: HandshakeAllThreads
Event: 3.929 Executing VM operation: HandshakeAllThreads done
Event: 3.947 Executing VM operation: HandshakeAllThreads
Event: 3.947 Executing VM operation: HandshakeAllThreads done
Event: 4.048 Executing VM operation: HandshakeAllThreads
Event: 4.048 Executing VM operation: HandshakeAllThreads done
Event: 4.048 Executing VM operation: HandshakeAllThreads
Event: 4.048 Executing VM operation: HandshakeAllThreads done
Event: 4.109 Executing VM operation: HandshakeAllThreads
Event: 4.110 Executing VM operation: HandshakeAllThreads done
Event: 4.111 Executing VM operation: HandshakeAllThreads
Event: 4.112 Executing VM operation: HandshakeAllThreads done
Event: 4.120 Executing VM operation: HandshakeAllThreads
Event: 4.120 Executing VM operation: HandshakeAllThreads done
Event: 4.140 Executing VM operation: HandshakeAllThreads
Event: 4.140 Executing VM operation: HandshakeAllThreads done
Event: 4.269 Executing VM operation: G1CollectForAllocation
Event: 4.270 Executing VM operation: G1CollectForAllocation done
Event: 4.270 Executing VM operation: G1CollectForAllocation

Events (20 events):
Event: 4.265 loading class sun/security/provider/certpath/ldap/JdkLDAP$ProviderService
Event: 4.265 loading class sun/security/provider/certpath/ldap/JdkLDAP$ProviderService done
Event: 4.266 loading class com/sun/security/sasl/Provider
Event: 4.266 loading class com/sun/security/sasl/Provider done
Event: 4.266 loading class com/sun/security/sasl/Provider$1
Event: 4.266 loading class com/sun/security/sasl/Provider$1 done
Event: 4.266 loading class com/sun/security/sasl/Provider$ProviderService
Event: 4.266 loading class com/sun/security/sasl/Provider$ProviderService done
Event: 4.266 loading class sun/security/ssl/PredefinedDHParameterSpecs
Event: 4.266 loading class sun/security/ssl/PredefinedDHParameterSpecs done
Event: 4.267 loading class sun/security/ssl/PredefinedDHParameterSpecs$1
Event: 4.267 loading class sun/security/ssl/PredefinedDHParameterSpecs$1 done
Event: 4.267 loading class javax/crypto/spec/DHParameterSpec
Event: 4.267 loading class javax/crypto/spec/DHParameterSpec done
Event: 4.267 loading class com/sun/crypto/provider/DHParameters
Event: 4.268 loading class com/sun/crypto/provider/DHParameters done
Event: 4.268 loading class sun/security/provider/SHA5$SHA512
Event: 4.268 loading class sun/security/provider/SHA5$SHA512 done
Event: 4.269 loading class java/security/spec/EdDSAParameterSpec
Event: 4.269 loading class java/security/spec/EdDSAParameterSpec done


Dynamic libraries:
0x00007ff76c430000 - 0x00007ff76c43e000 	c:\Users\gabri\.vscode\extensions\redhat.java-1.14.0-win32-x64\jre\17.0.5-win32-x86_64\bin\java.exe
0x00007ffbc0870000 - 0x00007ffbc0a68000 	C:\Windows\SYSTEM32\ntdll.dll
0x00007ffbc0760000 - 0x00007ffbc081f000 	C:\Windows\System32\KERNEL32.DLL
0x00007ffbbe280000 - 0x00007ffbbe552000 	C:\Windows\System32\KERNELBASE.dll
0x00007ffbbdf60000 - 0x00007ffbbe060000 	C:\Windows\System32\ucrtbase.dll
0x00007ffba95d0000 - 0x00007ffba95e7000 	c:\Users\gabri\.vscode\extensions\redhat.java-1.14.0-win32-x64\jre\17.0.5-win32-x86_64\bin\jli.dll
0x00007ffba8630000 - 0x00007ffba8649000 	c:\Users\gabri\.vscode\extensions\redhat.java-1.14.0-win32-x64\jre\17.0.5-win32-x86_64\bin\VCRUNTIME140.dll
0x00007ffbbea30000 - 0x00007ffbbebd1000 	C:\Windows\System32\USER32.dll
0x00007ffbbe250000 - 0x00007ffbbe272000 	C:\Windows\System32\win32u.dll
0x00007ffbaef70000 - 0x00007ffbaf20a000 	C:\Windows\WinSxS\amd64_microsoft.windows.common-controls_6595b64144ccf1df_6.0.19041.1110_none_60b5254171f9507e\COMCTL32.dll
0x00007ffbbf9d0000 - 0x00007ffbbf9fb000 	C:\Windows\System32\GDI32.dll
0x00007ffbbe5f0000 - 0x00007ffbbe6ff000 	C:\Windows\System32\gdi32full.dll
0x00007ffbbe140000 - 0x00007ffbbe1dd000 	C:\Windows\System32\msvcp_win.dll
0x00007ffbbf850000 - 0x00007ffbbf8ee000 	C:\Windows\System32\msvcrt.dll
0x00007ffbbfef0000 - 0x00007ffbbff22000 	C:\Windows\System32\IMM32.DLL
0x00007ffbb1820000 - 0x00007ffbb182c000 	c:\Users\gabri\.vscode\extensions\redhat.java-1.14.0-win32-x64\jre\17.0.5-win32-x86_64\bin\vcruntime140_1.dll
0x00007ffb60ab0000 - 0x00007ffb60b41000 	c:\Users\gabri\.vscode\extensions\redhat.java-1.14.0-win32-x64\jre\17.0.5-win32-x86_64\bin\msvcp140.dll
0x00007ffb311a0000 - 0x00007ffb31de4000 	c:\Users\gabri\.vscode\extensions\redhat.java-1.14.0-win32-x64\jre\17.0.5-win32-x86_64\bin\server\jvm.dll
0x00007ffbbff30000 - 0x00007ffbbffde000 	C:\Windows\System32\ADVAPI32.dll
0x00007ffbbf670000 - 0x00007ffbbf70c000 	C:\Windows\System32\sechost.dll
0x00007ffbbf710000 - 0x00007ffbbf835000 	C:\Windows\System32\RPCRT4.dll
0x00007ffbaf3b0000 - 0x00007ffbaf3b9000 	C:\Windows\SYSTEM32\WSOCK32.dll
0x00007ffbb60e0000 - 0x00007ffbb60ea000 	C:\Windows\SYSTEM32\VERSION.dll
0x00007ffbb60b0000 - 0x00007ffbb60d7000 	C:\Windows\SYSTEM32\WINMM.dll
0x00007ffbc06f0000 - 0x00007ffbc075b000 	C:\Windows\System32\WS2_32.dll
0x00007ffbbbd60000 - 0x00007ffbbbd72000 	C:\Windows\SYSTEM32\kernel.appcore.dll
0x00007ffbb0e80000 - 0x00007ffbb0e8a000 	c:\Users\gabri\.vscode\extensions\redhat.java-1.14.0-win32-x64\jre\17.0.5-win32-x86_64\bin\jimage.dll
0x00007ffbb3700000 - 0x00007ffbb38e4000 	C:\Windows\SYSTEM32\DBGHELP.DLL
0x00007ffbaf260000 - 0x00007ffbaf295000 	C:\Windows\SYSTEM32\dbgcore.DLL
0x00007ffbbe560000 - 0x00007ffbbe5e2000 	C:\Windows\System32\bcryptPrimitives.dll
0x00007ffba09c0000 - 0x00007ffba09e5000 	c:\Users\gabri\.vscode\extensions\redhat.java-1.14.0-win32-x64\jre\17.0.5-win32-x86_64\bin\java.dll
0x00007ffba2f80000 - 0x00007ffba2f98000 	c:\Users\gabri\.vscode\extensions\redhat.java-1.14.0-win32-x64\jre\17.0.5-win32-x86_64\bin\zip.dll
0x00007ffbbedc0000 - 0x00007ffbbf504000 	C:\Windows\System32\SHELL32.dll
0x00007ffbbc040000 - 0x00007ffbbc7d2000 	C:\Windows\SYSTEM32\windows.storage.dll
0x00007ffbbfb30000 - 0x00007ffbbfe85000 	C:\Windows\System32\combase.dll
0x00007ffbbd8e0000 - 0x00007ffbbd910000 	C:\Windows\SYSTEM32\Wldp.dll
0x00007ffbbebe0000 - 0x00007ffbbec8d000 	C:\Windows\System32\SHCORE.dll
0x00007ffbbf510000 - 0x00007ffbbf565000 	C:\Windows\System32\shlwapi.dll
0x00007ffbbdea0000 - 0x00007ffbbdebf000 	C:\Windows\SYSTEM32\profapi.dll
0x00007ffba2e10000 - 0x00007ffba2e29000 	C:\Users\gabri\.vscode\extensions\redhat.java-1.14.0-win32-x64\jre\17.0.5-win32-x86_64\bin\net.dll
0x00007ffbb93e0000 - 0x00007ffbb94ec000 	C:\Windows\SYSTEM32\WINHTTP.dll
0x00007ffbbd640000 - 0x00007ffbbd6aa000 	C:\Windows\system32\mswsock.dll
0x00007ffb9d160000 - 0x00007ffb9d175000 	C:\Users\gabri\.vscode\extensions\redhat.java-1.14.0-win32-x64\jre\17.0.5-win32-x86_64\bin\nio.dll
0x00007ffbb03f0000 - 0x00007ffbb0400000 	c:\Users\gabri\.vscode\extensions\redhat.java-1.14.0-win32-x64\jre\17.0.5-win32-x86_64\bin\verify.dll
0x00007ffbbd830000 - 0x00007ffbbd848000 	C:\Windows\SYSTEM32\CRYPTSP.dll
0x00007ffbbcf60000 - 0x00007ffbbcf94000 	C:\Windows\system32\rsaenh.dll
0x00007ffbbe060000 - 0x00007ffbbe087000 	C:\Windows\System32\bcrypt.dll
0x00007ffbbde60000 - 0x00007ffbbde8e000 	C:\Windows\SYSTEM32\USERENV.dll
0x00007ffbbd850000 - 0x00007ffbbd85c000 	C:\Windows\SYSTEM32\CRYPTBASE.dll
0x00007ffbbd330000 - 0x00007ffbbd36b000 	C:\Windows\SYSTEM32\IPHLPAPI.DLL
0x00007ffbbf660000 - 0x00007ffbbf668000 	C:\Windows\System32\NSI.dll
0x00007ffbb8260000 - 0x00007ffbb8277000 	C:\Windows\SYSTEM32\dhcpcsvc6.DLL
0x00007ffbb8240000 - 0x00007ffbb825d000 	C:\Windows\SYSTEM32\dhcpcsvc.DLL
0x00007ffbbd370000 - 0x00007ffbbd43a000 	C:\Windows\SYSTEM32\DNSAPI.dll
0x00007ffbadd50000 - 0x00007ffbadd59000 	C:\Users\gabri\.vscode\extensions\redhat.java-1.14.0-win32-x64\jre\17.0.5-win32-x86_64\bin\management.dll
0x00007ffbadbd0000 - 0x00007ffbadbdb000 	C:\Users\gabri\.vscode\extensions\redhat.java-1.14.0-win32-x64\jre\17.0.5-win32-x86_64\bin\management_ext.dll
0x00007ffbc0820000 - 0x00007ffbc0828000 	C:\Windows\System32\PSAPI.DLL
0x00007ffba3e10000 - 0x00007ffba3e1e000 	C:\Users\gabri\.vscode\extensions\redhat.java-1.14.0-win32-x64\jre\17.0.5-win32-x86_64\bin\sunmscapi.dll
0x00007ffbbe700000 - 0x00007ffbbe856000 	C:\Windows\System32\CRYPT32.dll
0x00007ffbbd950000 - 0x00007ffbbd977000 	C:\Windows\SYSTEM32\ncrypt.dll
0x00007ffbbd910000 - 0x00007ffbbd94b000 	C:\Windows\SYSTEM32\NTASN1.dll

dbghelp: loaded successfully - version: 4.0.5 - missing functions: none
symbol engine: initialized successfully - sym options: 0x614 - pdb path: .;c:\Users\gabri\.vscode\extensions\redhat.java-1.14.0-win32-x64\jre\17.0.5-win32-x86_64\bin;C:\Windows\SYSTEM32;C:\Windows\WinSxS\amd64_microsoft.windows.common-controls_6595b64144ccf1df_6.0.19041.1110_none_60b5254171f9507e;c:\Users\gabri\.vscode\extensions\redhat.java-1.14.0-win32-x64\jre\17.0.5-win32-x86_64\bin\server

VM Arguments:
jvm_args: -Dsts.lsp.client=vscode -Dsts.log.file=/dev/null -XX:TieredStopAtLevel=1 -Xlog:jni+resolve=off -Dspring.config.location=file:c:\Users\gabri\.vscode\extensions\pivotal.vscode-spring-boot-1.43.0\language-server\BOOT-INF\classes\application.properties 
java_command: org.springframework.ide.vscode.boot.app.BootLanguageServerBootApp
java_class_path (initial): c:\Users\gabri\.vscode\extensions\pivotal.vscode-spring-boot-1.43.0\language-server\BOOT-INF\classes;c:\Users\gabri\.vscode\extensions\pivotal.vscode-spring-boot-1.43.0\language-server\BOOT-INF\lib\annotations-23.1.0.jar;c:\Users\gabri\.vscode\extensions\pivotal.vscode-spring-boot-1.43.0\language-server\BOOT-INF\lib\ant-1.10.12.jar;c:\Users\gabri\.vscode\extensions\pivotal.vscode-spring-boot-1.43.0\language-server\BOOT-INF\lib\ant-launcher-1.10.12.jar;c:\Users\gabri\.vscode\extensions\pivotal.vscode-spring-boot-1.43.0\language-server\BOOT-INF\lib\antlr-runtime-3.5.2.jar;c:\Users\gabri\.vscode\extensions\pivotal.vscode-spring-boot-1.43.0\language-server\BOOT-INF\lib\antlr4-4.9.3.jar;c:\Users\gabri\.vscode\extensions\pivotal.vscode-spring-boot-1.43.0\language-server\BOOT-INF\lib\antlr4-runtime-4.9.3.jar;c:\Users\gabri\.vscode\extensions\pivotal.vscode-spring-boot-1.43.0\language-server\BOOT-INF\lib\apiguardian-api-1.1.2.jar;c:\Users\gabri\.vscode\extensions\pivotal.vscode-spring-boot-1.43.0\language-server\BOOT-INF\lib\asm-9.4.jar;c:\Users\gabri\.vscode\extensions\pivotal.vscode-spring-boot-1.43.0\language-server\BOOT-INF\lib\asm-analysis-9.4.jar;c:\Users\gabri\.vscode\extensions\pivotal.vscode-spring-boot-1.43.0\language-server\BOOT-INF\lib\asm-tree-9.4.jar;c:\Users\gabri\.vscode\extensions\pivotal.vscode-spring-boot-1.43.0\language-server\BOOT-INF\lib\asm-util-9.4.jar;c:\Users\gabri\.vscode\extensions\pivotal.vscode-spring-boot-1.43.0\language-server\BOOT-INF\lib\caffeine-3.1.2.jar;c:\Users\gabri\.vscode\extensions\pivotal.vscode-spring-boot-1.43.0\language-server\BOOT-INF\lib\checker-qual-3.12.0.jar;c:\Users\gabri\.vscode\extensions\pivotal.vscode-spring-boot-1.43.0\language-server\BOOT-INF\lib\ci-environment-9.1.0.jar;c:\Users\gabri\.vscode\extensions\pivotal.vscode-spring-boot-1.43.0\language-server\BOOT-INF\lib\classgraph-4.8.149.jar;c:\Users\gabri\.vscode\extensions\pivotal.vscode-spring-boot-1.43.0\language-server\BOOT-INF\lib\comm
Launcher Type: SUN_STANDARD

[Global flags]
     intx CICompilerCount                          = 4                                         {product} {ergonomic}
     uint ConcGCThreads                            = 3                                         {product} {ergonomic}
     uint G1ConcRefinementThreads                  = 10                                        {product} {ergonomic}
   size_t G1HeapRegionSize                         = 2097152                                   {product} {ergonomic}
    uintx GCDrainStackTargetSize                   = 64                                        {product} {ergonomic}
   size_t InitialHeapSize                          = 260046848                                 {product} {ergonomic}
   size_t MarkStackSize                            = 4194304                                   {product} {ergonomic}
   size_t MaxHeapSize                              = 4137680896                                {product} {ergonomic}
   size_t MaxNewSize                               = 2480930816                                {product} {ergonomic}
   size_t MinHeapDeltaBytes                        = 2097152                                   {product} {ergonomic}
   size_t MinHeapSize                              = 8388608                                   {product} {ergonomic}
    uintx NonProfiledCodeHeapSize                  = 0                                      {pd product} {ergonomic}
     bool ProfileInterpreter                       = false                                  {pd product} {command line}
    uintx ProfiledCodeHeapSize                     = 0                                      {pd product} {ergonomic}
   size_t SoftMaxHeapSize                          = 4137680896                             {manageable} {ergonomic}
     intx TieredStopAtLevel                        = 1                                         {product} {command line}
     bool UseCompressedClassPointers               = true                           {product lp64_product} {ergonomic}
     bool UseCompressedOops                        = true                           {product lp64_product} {ergonomic}
     bool UseG1GC                                  = true                                      {product} {ergonomic}
     bool UseLargePagesIndividualAllocation        = false                                  {pd product} {ergonomic}

Logging:
Log output configuration:
 #0: stdout all=warning,jni+resolve=off uptime,level,tags
 #1: stderr all=off uptime,level,tags

Environment Variables:
JAVA_HOME=F:\Java\jdk17
CLASSPATH=.
PATH=C:\Program Files\Common Files\Oracle\Java\javapath;C:\ProgramData\Oracle\Java\javapath;F:\Java\jdk17\bin;C:\Program Files\Java\apache-maven-3.6.2\bin;C:\Windows\system32;C:\Windows;C:\Windows\System32\Wbem;C:\Windows\System32\WindowsPowerShell\v1.0\;C:\Windows\System32\OpenSSH\;F:\Git\cmd;F:\nodejs\;C:\Users\gabri\AppData\Local\Microsoft\WindowsApps;F:\Microsoft VS Code\bin;F:\IntelliJ IDEA Community Edition 2022.1.3\bin;;F:\Java\jdk17\bin;C:\Program Files\Java\apache-maven-3.6.2\bin;C:\Program Files\heroku\bin;C:\ProgramData\gabri\GitHubDesktop\bin;C:\Users\gabri\AppData\Local\GitHubDesktop\bin;C:\Users\gabri\AppData\Roaming\npm
USERNAME=gabri
OS=Windows_NT
PROCESSOR_IDENTIFIER=AMD64 Family 25 Model 80 Stepping 0, AuthenticAMD
TMP=C:\Users\gabri\AppData\Local\Temp
TEMP=C:\Users\gabri\AppData\Local\Temp



---------------  S Y S T E M  ---------------

OS:
 Windows 10 , 64 bit Build 19041 (10.0.19041.2364)
OS uptime: 0 days 9:11 hours

CPU: total 12 (initial active 12) (12 cores per cpu, 2 threads per core) family 25 model 80 stepping 0 microcode 0x0, cx8, cmov, fxsr, ht, mmx, 3dnowpref, sse, sse2, sse3, ssse3, sse4a, sse4.1, sse4.2, popcnt, lzcnt, tsc, tscinvbit, avx, avx2, aes, erms, clmul, bmi1, bmi2, adx, sha, fma, vzeroupper, clflush, clflushopt

Memory: 4k page, system-wide physical 15779M (4031M free)
TotalPageFile size 16283M (AvailPageFile size 426M)
current process WorkingSet (physical memory assigned to process): 738M, peak: 738M
current process commit charge ("private bytes"): 758M, peak: 1404M

vm_info: OpenJDK 64-Bit Server VM (17.0.5+8) for windows-amd64 JRE (17.0.5+8), built on Oct 19 2022 04:48:13 by "temurin" with MS VC++ 16.7 (VS2019)

END.
